

Started GET "/" for 127.0.0.1 at 2014-11-01 22:06:06 +0900
  [1m[36mActiveRecord::SchemaMigration Load (3.7ms)[0m  [1mSELECT `schema_migrations`.* FROM `schema_migrations`[0m
Processing by TopController#index as HTML
  [1m[35m (0.7ms)[0m  SELECT COUNT(*) AS count_all, product_id AS product_id FROM `reviews` GROUP BY product_id ORDER BY count_all DESC
  [1m[36mProduct Load (0.4ms)[0m  [1mSELECT `products`.* FROM `products` ORDER BY id DESC LIMIT 20[0m
  [1m[35mReview Load (1.0ms)[0m  SELECT `reviews`.* FROM `reviews` WHERE `reviews`.`product_id` = 40
  [1m[36mReview Load (0.3ms)[0m  [1mSELECT `reviews`.* FROM `reviews` WHERE `reviews`.`product_id` = 39[0m
  [1m[35mReview Load (0.3ms)[0m  SELECT `reviews`.* FROM `reviews` WHERE `reviews`.`product_id` = 38
  [1m[36mReview Load (0.2ms)[0m  [1mSELECT `reviews`.* FROM `reviews` WHERE `reviews`.`product_id` = 37[0m
  [1m[35mReview Load (0.2ms)[0m  SELECT `reviews`.* FROM `reviews` WHERE `reviews`.`product_id` = 36
  [1m[36mReview Load (0.2ms)[0m  [1mSELECT `reviews`.* FROM `reviews` WHERE `reviews`.`product_id` = 35[0m
  [1m[35mReview Load (0.3ms)[0m  SELECT `reviews`.* FROM `reviews` WHERE `reviews`.`product_id` = 34
  [1m[36mReview Load (0.3ms)[0m  [1mSELECT `reviews`.* FROM `reviews` WHERE `reviews`.`product_id` = 33[0m
  [1m[35mReview Load (0.2ms)[0m  SELECT `reviews`.* FROM `reviews` WHERE `reviews`.`product_id` = 32
  [1m[36mReview Load (0.2ms)[0m  [1mSELECT `reviews`.* FROM `reviews` WHERE `reviews`.`product_id` = 31[0m
  [1m[35mReview Load (0.2ms)[0m  SELECT `reviews`.* FROM `reviews` WHERE `reviews`.`product_id` = 30
  [1m[36mReview Load (0.3ms)[0m  [1mSELECT `reviews`.* FROM `reviews` WHERE `reviews`.`product_id` = 29[0m
  [1m[35mReview Load (0.3ms)[0m  SELECT `reviews`.* FROM `reviews` WHERE `reviews`.`product_id` = 28
  [1m[36mReview Load (0.3ms)[0m  [1mSELECT `reviews`.* FROM `reviews` WHERE `reviews`.`product_id` = 27[0m
  [1m[35mReview Load (0.8ms)[0m  SELECT `reviews`.* FROM `reviews` WHERE `reviews`.`product_id` = 26
  [1m[36mReview Load (0.6ms)[0m  [1mSELECT `reviews`.* FROM `reviews` WHERE `reviews`.`product_id` = 25[0m
  [1m[35mReview Load (0.6ms)[0m  SELECT `reviews`.* FROM `reviews` WHERE `reviews`.`product_id` = 24
  [1m[36mReview Load (0.4ms)[0m  [1mSELECT `reviews`.* FROM `reviews` WHERE `reviews`.`product_id` = 23[0m
  [1m[35mReview Load (0.8ms)[0m  SELECT `reviews`.* FROM `reviews` WHERE `reviews`.`product_id` = 22
  [1m[36mReview Load (0.9ms)[0m  [1mSELECT `reviews`.* FROM `reviews` WHERE `reviews`.`product_id` = 21[0m
  Rendered top/index.html.erb within layouts/review_site (56.9ms)
  [1m[35mProduct Load (0.4ms)[0m  SELECT `products`.* FROM `products` WHERE `products`.`id` IN (1, 7, 6, 2, 3, 4, 18, 9) LIMIT 5
Completed 200 OK in 3418ms (Views: 3375.0ms | ActiveRecord: 14.7ms)


Started GET "/assets/application.css?body=1" for 127.0.0.1 at 2014-11-01 22:06:09 +0900


Started GET "/assets/top.css?body=1" for 127.0.0.1 at 2014-11-01 22:06:10 +0900


Started GET "/assets/turbolinks.js?body=1" for 127.0.0.1 at 2014-11-01 22:06:10 +0900


Started GET "/assets/review_site.css?body=1" for 127.0.0.1 at 2014-11-01 22:06:10 +0900


Started GET "/assets/works.css?body=1" for 127.0.0.1 at 2014-11-01 22:06:10 +0900


Started GET "/assets/jquery.js?body=1" for 127.0.0.1 at 2014-11-01 22:06:10 +0900


Started GET "/assets/top.js?body=1" for 127.0.0.1 at 2014-11-01 22:06:10 +0900


Started GET "/assets/works.js?body=1" for 127.0.0.1 at 2014-11-01 22:06:10 +0900


Started GET "/assets/jquery_ujs.js?body=1" for 127.0.0.1 at 2014-11-01 22:06:10 +0900


Started GET "/assets/application.js?body=1" for 127.0.0.1 at 2014-11-01 22:06:10 +0900


Started GET "/images/icons/icon-movie-poster.png" for 127.0.0.1 at 2014-11-01 22:06:10 +0900

ActionController::RoutingError (No route matches [GET] "/images/icons/icon-movie-poster.png"):
  actionpack (4.0.4) lib/action_dispatch/middleware/debug_exceptions.rb:21:in `call'
  actionpack (4.0.4) lib/action_dispatch/middleware/show_exceptions.rb:30:in `call'
  railties (4.0.4) lib/rails/rack/logger.rb:38:in `call_app'
  railties (4.0.4) lib/rails/rack/logger.rb:20:in `block in call'
  activesupport (4.0.4) lib/active_support/tagged_logging.rb:68:in `block in tagged'
  activesupport (4.0.4) lib/active_support/tagged_logging.rb:26:in `tagged'
  activesupport (4.0.4) lib/active_support/tagged_logging.rb:68:in `tagged'
  railties (4.0.4) lib/rails/rack/logger.rb:20:in `call'
  actionpack (4.0.4) lib/action_dispatch/middleware/request_id.rb:21:in `call'
  rack (1.5.2) lib/rack/methodoverride.rb:21:in `call'
  rack (1.5.2) lib/rack/runtime.rb:17:in `call'
  activesupport (4.0.4) lib/active_support/cache/strategy/local_cache.rb:83:in `call'
  rack (1.5.2) lib/rack/lock.rb:17:in `call'
  actionpack (4.0.4) lib/action_dispatch/middleware/static.rb:64:in `call'
  rack (1.5.2) lib/rack/sendfile.rb:112:in `call'
  railties (4.0.4) lib/rails/engine.rb:511:in `call'
  railties (4.0.4) lib/rails/application.rb:97:in `call'
  rack (1.5.2) lib/rack/lock.rb:17:in `call'
  rack (1.5.2) lib/rack/content_length.rb:14:in `call'
  rack (1.5.2) lib/rack/handler/webrick.rb:60:in `service'
  /Users/nari/.rbenv/versions/2.0.0-p247/lib/ruby/2.0.0/webrick/httpserver.rb:138:in `service'
  /Users/nari/.rbenv/versions/2.0.0-p247/lib/ruby/2.0.0/webrick/httpserver.rb:94:in `run'
  /Users/nari/.rbenv/versions/2.0.0-p247/lib/ruby/2.0.0/webrick/server.rb:295:in `block in start_thread'


  Rendered /Users/nari/.rbenv/versions/2.0.0-p247/lib/ruby/gems/2.0.0/gems/actionpack-4.0.4/lib/action_dispatch/middleware/templates/rescues/_trace.erb (1.2ms)
  Rendered /Users/nari/.rbenv/versions/2.0.0-p247/lib/ruby/gems/2.0.0/gems/actionpack-4.0.4/lib/action_dispatch/middleware/templates/routes/_route.html.erb (1.1ms)
  Rendered /Users/nari/.rbenv/versions/2.0.0-p247/lib/ruby/gems/2.0.0/gems/actionpack-4.0.4/lib/action_dispatch/middleware/templates/routes/_table.html.erb (6.9ms)
  Rendered /Users/nari/.rbenv/versions/2.0.0-p247/lib/ruby/gems/2.0.0/gems/actionpack-4.0.4/lib/action_dispatch/middleware/templates/rescues/routing_error.erb within rescues/layout (32.9ms)


Started GET "/assets/bambi-1.0.0.ttf?20140712" for 127.0.0.1 at 2014-11-01 22:06:10 +0900


Started GET "/" for 127.0.0.1 at 2014-11-01 22:07:22 +0900
Processing by TopController#index as HTML
  [1m[36m (0.3ms)[0m  [1mSELECT COUNT(*) AS count_all, product_id AS product_id FROM `reviews` GROUP BY product_id ORDER BY count_all DESC[0m
  [1m[35mProduct Load (0.2ms)[0m  SELECT `products`.* FROM `products` ORDER BY id DESC LIMIT 20
  [1m[36mReview Load (0.2ms)[0m  [1mSELECT `reviews`.* FROM `reviews` WHERE `reviews`.`product_id` = 40[0m
  [1m[35mReview Load (0.2ms)[0m  SELECT `reviews`.* FROM `reviews` WHERE `reviews`.`product_id` = 39
  [1m[36mReview Load (36.4ms)[0m  [1mSELECT `reviews`.* FROM `reviews` WHERE `reviews`.`product_id` = 38[0m
  [1m[35mReview Load (0.3ms)[0m  SELECT `reviews`.* FROM `reviews` WHERE `reviews`.`product_id` = 37
  [1m[36mReview Load (0.3ms)[0m  [1mSELECT `reviews`.* FROM `reviews` WHERE `reviews`.`product_id` = 36[0m
  [1m[35mReview Load (0.3ms)[0m  SELECT `reviews`.* FROM `reviews` WHERE `reviews`.`product_id` = 35
  [1m[36mReview Load (0.2ms)[0m  [1mSELECT `reviews`.* FROM `reviews` WHERE `reviews`.`product_id` = 34[0m
  [1m[35mReview Load (0.3ms)[0m  SELECT `reviews`.* FROM `reviews` WHERE `reviews`.`product_id` = 33
  [1m[36mReview Load (0.3ms)[0m  [1mSELECT `reviews`.* FROM `reviews` WHERE `reviews`.`product_id` = 32[0m
  [1m[35mReview Load (0.3ms)[0m  SELECT `reviews`.* FROM `reviews` WHERE `reviews`.`product_id` = 31
  [1m[36mReview Load (0.5ms)[0m  [1mSELECT `reviews`.* FROM `reviews` WHERE `reviews`.`product_id` = 30[0m
  [1m[35mReview Load (0.6ms)[0m  SELECT `reviews`.* FROM `reviews` WHERE `reviews`.`product_id` = 29
  [1m[36mReview Load (0.6ms)[0m  [1mSELECT `reviews`.* FROM `reviews` WHERE `reviews`.`product_id` = 28[0m
  [1m[35mReview Load (0.6ms)[0m  SELECT `reviews`.* FROM `reviews` WHERE `reviews`.`product_id` = 27
  [1m[36mReview Load (0.4ms)[0m  [1mSELECT `reviews`.* FROM `reviews` WHERE `reviews`.`product_id` = 26[0m
  [1m[35mReview Load (0.6ms)[0m  SELECT `reviews`.* FROM `reviews` WHERE `reviews`.`product_id` = 25
  [1m[36mReview Load (0.3ms)[0m  [1mSELECT `reviews`.* FROM `reviews` WHERE `reviews`.`product_id` = 24[0m
  [1m[35mReview Load (0.2ms)[0m  SELECT `reviews`.* FROM `reviews` WHERE `reviews`.`product_id` = 23
  [1m[36mReview Load (0.2ms)[0m  [1mSELECT `reviews`.* FROM `reviews` WHERE `reviews`.`product_id` = 22[0m
  [1m[35mReview Load (0.2ms)[0m  SELECT `reviews`.* FROM `reviews` WHERE `reviews`.`product_id` = 21
  Rendered top/index.html.erb within layouts/review_site (64.8ms)
  [1m[36mProduct Load (0.3ms)[0m  [1mSELECT `products`.* FROM `products` WHERE `products`.`id` IN (1, 7, 6, 2, 3, 4, 18, 9) LIMIT 5[0m
Completed 200 OK in 72ms (Views: 26.2ms | ActiveRecord: 43.6ms)


Started GET "/assets/application.css?body=1" for 127.0.0.1 at 2014-11-01 22:07:22 +0900


Started GET "/assets/review_site.css?body=1" for 127.0.0.1 at 2014-11-01 22:07:22 +0900


Started GET "/assets/works.css?body=1" for 127.0.0.1 at 2014-11-01 22:07:22 +0900


Started GET "/assets/jquery.js?body=1" for 127.0.0.1 at 2014-11-01 22:07:22 +0900


Started GET "/assets/jquery_ujs.js?body=1" for 127.0.0.1 at 2014-11-01 22:07:22 +0900


Started GET "/assets/top.css?body=1" for 127.0.0.1 at 2014-11-01 22:07:22 +0900


Started GET "/assets/turbolinks.js?body=1" for 127.0.0.1 at 2014-11-01 22:07:22 +0900


Started GET "/assets/top.js?body=1" for 127.0.0.1 at 2014-11-01 22:07:22 +0900


Started GET "/assets/application.js?body=1" for 127.0.0.1 at 2014-11-01 22:07:22 +0900


Started GET "/assets/works.js?body=1" for 127.0.0.1 at 2014-11-01 22:07:22 +0900


Started GET "/images/icons/icon-movie-poster.png" for 127.0.0.1 at 2014-11-01 22:07:22 +0900

ActionController::RoutingError (No route matches [GET] "/images/icons/icon-movie-poster.png"):
  actionpack (4.0.4) lib/action_dispatch/middleware/debug_exceptions.rb:21:in `call'
  actionpack (4.0.4) lib/action_dispatch/middleware/show_exceptions.rb:30:in `call'
  railties (4.0.4) lib/rails/rack/logger.rb:38:in `call_app'
  railties (4.0.4) lib/rails/rack/logger.rb:20:in `block in call'
  activesupport (4.0.4) lib/active_support/tagged_logging.rb:68:in `block in tagged'
  activesupport (4.0.4) lib/active_support/tagged_logging.rb:26:in `tagged'
  activesupport (4.0.4) lib/active_support/tagged_logging.rb:68:in `tagged'
  railties (4.0.4) lib/rails/rack/logger.rb:20:in `call'
  actionpack (4.0.4) lib/action_dispatch/middleware/request_id.rb:21:in `call'
  rack (1.5.2) lib/rack/methodoverride.rb:21:in `call'
  rack (1.5.2) lib/rack/runtime.rb:17:in `call'
  activesupport (4.0.4) lib/active_support/cache/strategy/local_cache.rb:83:in `call'
  rack (1.5.2) lib/rack/lock.rb:17:in `call'
  actionpack (4.0.4) lib/action_dispatch/middleware/static.rb:64:in `call'
  rack (1.5.2) lib/rack/sendfile.rb:112:in `call'
  railties (4.0.4) lib/rails/engine.rb:511:in `call'
  railties (4.0.4) lib/rails/application.rb:97:in `call'
  rack (1.5.2) lib/rack/lock.rb:17:in `call'
  rack (1.5.2) lib/rack/content_length.rb:14:in `call'
  rack (1.5.2) lib/rack/handler/webrick.rb:60:in `service'
  /Users/nari/.rbenv/versions/2.0.0-p247/lib/ruby/2.0.0/webrick/httpserver.rb:138:in `service'
  /Users/nari/.rbenv/versions/2.0.0-p247/lib/ruby/2.0.0/webrick/httpserver.rb:94:in `run'
  /Users/nari/.rbenv/versions/2.0.0-p247/lib/ruby/2.0.0/webrick/server.rb:295:in `block in start_thread'


  Rendered /Users/nari/.rbenv/versions/2.0.0-p247/lib/ruby/gems/2.0.0/gems/actionpack-4.0.4/lib/action_dispatch/middleware/templates/rescues/_trace.erb (1.1ms)
  Rendered /Users/nari/.rbenv/versions/2.0.0-p247/lib/ruby/gems/2.0.0/gems/actionpack-4.0.4/lib/action_dispatch/middleware/templates/routes/_route.html.erb (1.1ms)
  Rendered /Users/nari/.rbenv/versions/2.0.0-p247/lib/ruby/gems/2.0.0/gems/actionpack-4.0.4/lib/action_dispatch/middleware/templates/routes/_table.html.erb (1.0ms)
  Rendered /Users/nari/.rbenv/versions/2.0.0-p247/lib/ruby/gems/2.0.0/gems/actionpack-4.0.4/lib/action_dispatch/middleware/templates/rescues/routing_error.erb within rescues/layout (21.0ms)


Started GET "/assets/bambi-1.0.0.ttf?20140712" for 127.0.0.1 at 2014-11-01 22:07:22 +0900


Started GET "/" for 127.0.0.1 at 2014-11-01 22:16:03 +0900
Processing by TopController#index as HTML
  [1m[35m (0.2ms)[0m  SELECT COUNT(*) AS count_all, product_id AS product_id FROM `reviews` GROUP BY product_id ORDER BY count_all DESC
  Rendered top/index.html.erb within layouts/review_site (0.1ms)
  [1m[36mProduct Load (0.3ms)[0m  [1mSELECT `products`.* FROM `products` WHERE `products`.`id` IN (1, 7, 6, 2, 3, 4, 18, 9) LIMIT 5[0m
Completed 200 OK in 20ms (Views: 9.1ms | ActiveRecord: 3.6ms)


Started GET "/assets/review_site.css?body=1" for 127.0.0.1 at 2014-11-01 22:16:04 +0900


Started GET "/assets/jquery.js?body=1" for 127.0.0.1 at 2014-11-01 22:16:04 +0900


Started GET "/assets/works.css?body=1" for 127.0.0.1 at 2014-11-01 22:16:04 +0900


Started GET "/assets/top.css?body=1" for 127.0.0.1 at 2014-11-01 22:16:04 +0900


Started GET "/assets/jquery_ujs.js?body=1" for 127.0.0.1 at 2014-11-01 22:16:04 +0900


Started GET "/assets/application.css?body=1" for 127.0.0.1 at 2014-11-01 22:16:04 +0900


Started GET "/assets/turbolinks.js?body=1" for 127.0.0.1 at 2014-11-01 22:16:04 +0900


Started GET "/assets/top.js?body=1" for 127.0.0.1 at 2014-11-01 22:16:04 +0900


Started GET "/assets/works.js?body=1" for 127.0.0.1 at 2014-11-01 22:16:04 +0900


Started GET "/assets/application.js?body=1" for 127.0.0.1 at 2014-11-01 22:16:04 +0900


Started GET "/assets/bambi-1.0.0.ttf?20140712" for 127.0.0.1 at 2014-11-01 22:16:04 +0900


Started GET "/" for 127.0.0.1 at 2014-11-01 22:17:22 +0900
Processing by TopController#index as HTML
  [1m[35m (0.3ms)[0m  SELECT COUNT(*) AS count_all, product_id AS product_id FROM `reviews` GROUP BY product_id ORDER BY count_all DESC
  [1m[36mProduct Load (0.3ms)[0m  [1mSELECT `products`.* FROM `products` ORDER BY id DESC LIMIT 20[0m
  [1m[35mReview Load (0.3ms)[0m  SELECT `reviews`.* FROM `reviews` WHERE `reviews`.`product_id` = 40
  [1m[36mReview Load (0.2ms)[0m  [1mSELECT `reviews`.* FROM `reviews` WHERE `reviews`.`product_id` = 39[0m
  [1m[35mReview Load (0.2ms)[0m  SELECT `reviews`.* FROM `reviews` WHERE `reviews`.`product_id` = 38
  [1m[36mReview Load (0.2ms)[0m  [1mSELECT `reviews`.* FROM `reviews` WHERE `reviews`.`product_id` = 37[0m
  [1m[35mReview Load (0.2ms)[0m  SELECT `reviews`.* FROM `reviews` WHERE `reviews`.`product_id` = 36
  [1m[36mReview Load (0.2ms)[0m  [1mSELECT `reviews`.* FROM `reviews` WHERE `reviews`.`product_id` = 35[0m
  [1m[35mReview Load (0.2ms)[0m  SELECT `reviews`.* FROM `reviews` WHERE `reviews`.`product_id` = 34
  [1m[36mReview Load (0.2ms)[0m  [1mSELECT `reviews`.* FROM `reviews` WHERE `reviews`.`product_id` = 33[0m
  [1m[35mReview Load (0.2ms)[0m  SELECT `reviews`.* FROM `reviews` WHERE `reviews`.`product_id` = 32
  [1m[36mReview Load (0.3ms)[0m  [1mSELECT `reviews`.* FROM `reviews` WHERE `reviews`.`product_id` = 31[0m
  [1m[35mReview Load (0.2ms)[0m  SELECT `reviews`.* FROM `reviews` WHERE `reviews`.`product_id` = 30
  [1m[36mReview Load (0.2ms)[0m  [1mSELECT `reviews`.* FROM `reviews` WHERE `reviews`.`product_id` = 29[0m
  [1m[35mReview Load (0.2ms)[0m  SELECT `reviews`.* FROM `reviews` WHERE `reviews`.`product_id` = 28
  [1m[36mReview Load (0.2ms)[0m  [1mSELECT `reviews`.* FROM `reviews` WHERE `reviews`.`product_id` = 27[0m
  [1m[35mReview Load (0.2ms)[0m  SELECT `reviews`.* FROM `reviews` WHERE `reviews`.`product_id` = 26
  [1m[36mReview Load (0.2ms)[0m  [1mSELECT `reviews`.* FROM `reviews` WHERE `reviews`.`product_id` = 25[0m
  [1m[35mReview Load (0.2ms)[0m  SELECT `reviews`.* FROM `reviews` WHERE `reviews`.`product_id` = 24
  [1m[36mReview Load (0.2ms)[0m  [1mSELECT `reviews`.* FROM `reviews` WHERE `reviews`.`product_id` = 23[0m
  [1m[35mReview Load (0.2ms)[0m  SELECT `reviews`.* FROM `reviews` WHERE `reviews`.`product_id` = 22
  [1m[36mReview Load (0.2ms)[0m  [1mSELECT `reviews`.* FROM `reviews` WHERE `reviews`.`product_id` = 21[0m
  Rendered top/index.html.erb within layouts/review_site (24.4ms)
  [1m[35mProduct Load (0.3ms)[0m  SELECT `products`.* FROM `products` WHERE `products`.`id` IN (1, 7, 6, 2, 3, 4, 18, 9) LIMIT 5
Completed 200 OK in 82ms (Views: 23.0ms | ActiveRecord: 9.5ms)


Started GET "/assets/application.css?body=1" for 127.0.0.1 at 2014-11-01 22:17:23 +0900


Started GET "/assets/review_site.css?body=1" for 127.0.0.1 at 2014-11-01 22:17:23 +0900


Started GET "/assets/jquery.js?body=1" for 127.0.0.1 at 2014-11-01 22:17:23 +0900


Started GET "/assets/top.css?body=1" for 127.0.0.1 at 2014-11-01 22:17:23 +0900


Started GET "/assets/works.css?body=1" for 127.0.0.1 at 2014-11-01 22:17:23 +0900


Started GET "/assets/jquery_ujs.js?body=1" for 127.0.0.1 at 2014-11-01 22:17:23 +0900


Started GET "/assets/top.js?body=1" for 127.0.0.1 at 2014-11-01 22:17:23 +0900


Started GET "/assets/turbolinks.js?body=1" for 127.0.0.1 at 2014-11-01 22:17:23 +0900


Started GET "/assets/works.js?body=1" for 127.0.0.1 at 2014-11-01 22:17:23 +0900


Started GET "/assets/application.js?body=1" for 127.0.0.1 at 2014-11-01 22:17:23 +0900


Started GET "/images/icons/icon-movie-poster.png" for 127.0.0.1 at 2014-11-01 22:17:23 +0900

ActionController::RoutingError (No route matches [GET] "/images/icons/icon-movie-poster.png"):
  actionpack (4.0.4) lib/action_dispatch/middleware/debug_exceptions.rb:21:in `call'
  actionpack (4.0.4) lib/action_dispatch/middleware/show_exceptions.rb:30:in `call'
  railties (4.0.4) lib/rails/rack/logger.rb:38:in `call_app'
  railties (4.0.4) lib/rails/rack/logger.rb:20:in `block in call'
  activesupport (4.0.4) lib/active_support/tagged_logging.rb:68:in `block in tagged'
  activesupport (4.0.4) lib/active_support/tagged_logging.rb:26:in `tagged'
  activesupport (4.0.4) lib/active_support/tagged_logging.rb:68:in `tagged'
  railties (4.0.4) lib/rails/rack/logger.rb:20:in `call'
  actionpack (4.0.4) lib/action_dispatch/middleware/request_id.rb:21:in `call'
  rack (1.5.2) lib/rack/methodoverride.rb:21:in `call'
  rack (1.5.2) lib/rack/runtime.rb:17:in `call'
  activesupport (4.0.4) lib/active_support/cache/strategy/local_cache.rb:83:in `call'
  rack (1.5.2) lib/rack/lock.rb:17:in `call'
  actionpack (4.0.4) lib/action_dispatch/middleware/static.rb:64:in `call'
  rack (1.5.2) lib/rack/sendfile.rb:112:in `call'
  railties (4.0.4) lib/rails/engine.rb:511:in `call'
  railties (4.0.4) lib/rails/application.rb:97:in `call'
  rack (1.5.2) lib/rack/lock.rb:17:in `call'
  rack (1.5.2) lib/rack/content_length.rb:14:in `call'
  rack (1.5.2) lib/rack/handler/webrick.rb:60:in `service'
  /Users/nari/.rbenv/versions/2.0.0-p247/lib/ruby/2.0.0/webrick/httpserver.rb:138:in `service'
  /Users/nari/.rbenv/versions/2.0.0-p247/lib/ruby/2.0.0/webrick/httpserver.rb:94:in `run'
  /Users/nari/.rbenv/versions/2.0.0-p247/lib/ruby/2.0.0/webrick/server.rb:295:in `block in start_thread'


  Rendered /Users/nari/.rbenv/versions/2.0.0-p247/lib/ruby/gems/2.0.0/gems/actionpack-4.0.4/lib/action_dispatch/middleware/templates/rescues/_trace.erb (1.3ms)
  Rendered /Users/nari/.rbenv/versions/2.0.0-p247/lib/ruby/gems/2.0.0/gems/actionpack-4.0.4/lib/action_dispatch/middleware/templates/routes/_route.html.erb (2.1ms)
  Rendered /Users/nari/.rbenv/versions/2.0.0-p247/lib/ruby/gems/2.0.0/gems/actionpack-4.0.4/lib/action_dispatch/middleware/templates/routes/_table.html.erb (2.0ms)
  Rendered /Users/nari/.rbenv/versions/2.0.0-p247/lib/ruby/gems/2.0.0/gems/actionpack-4.0.4/lib/action_dispatch/middleware/templates/rescues/routing_error.erb within rescues/layout (27.1ms)


Started GET "/assets/bambi-1.0.0.ttf?20140712" for 127.0.0.1 at 2014-11-01 22:17:23 +0900


Started GET "/" for 127.0.0.1 at 2014-11-01 22:17:33 +0900
Processing by TopController#index as HTML
  [1m[36m (0.2ms)[0m  [1mSELECT COUNT(*) AS count_all, product_id AS product_id FROM `reviews` GROUP BY product_id ORDER BY count_all DESC[0m
  Rendered top/index.html.erb within layouts/review_site (0.1ms)
  [1m[35mProduct Load (0.3ms)[0m  SELECT `products`.* FROM `products` WHERE `products`.`id` IN (1, 7, 6, 2, 3, 4, 18, 9) LIMIT 5
Completed 200 OK in 22ms (Views: 12.3ms | ActiveRecord: 3.3ms)


Started GET "/assets/application.css?body=1" for 127.0.0.1 at 2014-11-01 22:17:33 +0900


Started GET "/assets/review_site.css?body=1" for 127.0.0.1 at 2014-11-01 22:17:33 +0900


Started GET "/assets/jquery_ujs.js?body=1" for 127.0.0.1 at 2014-11-01 22:17:33 +0900


Started GET "/assets/top.css?body=1" for 127.0.0.1 at 2014-11-01 22:17:33 +0900


Started GET "/assets/works.css?body=1" for 127.0.0.1 at 2014-11-01 22:17:33 +0900


Started GET "/assets/jquery.js?body=1" for 127.0.0.1 at 2014-11-01 22:17:33 +0900


Started GET "/assets/turbolinks.js?body=1" for 127.0.0.1 at 2014-11-01 22:17:33 +0900


Started GET "/assets/top.js?body=1" for 127.0.0.1 at 2014-11-01 22:17:33 +0900


Started GET "/assets/works.js?body=1" for 127.0.0.1 at 2014-11-01 22:17:33 +0900


Started GET "/assets/application.js?body=1" for 127.0.0.1 at 2014-11-01 22:17:33 +0900


Started GET "/assets/bambi-1.0.0.ttf?20140712" for 127.0.0.1 at 2014-11-01 22:17:33 +0900


Started GET "/" for 127.0.0.1 at 2014-11-01 22:23:45 +0900
Processing by TopController#index as HTML
Completed 500 Internal Server Error in 45ms

NameError (uninitialized constant ReviewController::ReviewRank):
  app/controllers/review_controller.rb:8:in `set_ranking'


  Rendered /Users/nari/.rbenv/versions/2.0.0-p247/lib/ruby/gems/2.0.0/gems/actionpack-4.0.4/lib/action_dispatch/middleware/templates/rescues/_source.erb (0.7ms)
  Rendered /Users/nari/.rbenv/versions/2.0.0-p247/lib/ruby/gems/2.0.0/gems/actionpack-4.0.4/lib/action_dispatch/middleware/templates/rescues/_trace.erb (0.9ms)
  Rendered /Users/nari/.rbenv/versions/2.0.0-p247/lib/ruby/gems/2.0.0/gems/actionpack-4.0.4/lib/action_dispatch/middleware/templates/rescues/_request_and_response.erb (0.9ms)
  Rendered /Users/nari/.rbenv/versions/2.0.0-p247/lib/ruby/gems/2.0.0/gems/actionpack-4.0.4/lib/action_dispatch/middleware/templates/rescues/diagnostics.erb within rescues/layout (18.2ms)


Started GET "/" for 127.0.0.1 at 2014-11-01 22:24:22 +0900
Processing by TopController#index as HTML
  Rendered top/index.html.erb within layouts/review_site (0.1ms)
Completed 500 Internal Server Error in 5ms

ActionView::Template::Error (undefined method `each' for nil:NilClass):
    32:               <i class="icon-crown color-gray-light"></i>投稿ランキング
    33:             </h4>
    34:             <ul class="listview listview--condensed text-small">
    35:               <% @ranking.each.with_index(1) do |product, i| %>
    36:               <li data-cinema-id="346394">
    37:                 <a href="/products/<%= product.id %>">
    38:                   <div class="box">
  app/views/layouts/review_site.html.erb:35:in `_app_views_layouts_review_site_html_erb___1663226045166352281_70246318927340'


  Rendered /Users/nari/.rbenv/versions/2.0.0-p247/lib/ruby/gems/2.0.0/gems/actionpack-4.0.4/lib/action_dispatch/middleware/templates/rescues/_trace.erb (1.1ms)
  Rendered /Users/nari/.rbenv/versions/2.0.0-p247/lib/ruby/gems/2.0.0/gems/actionpack-4.0.4/lib/action_dispatch/middleware/templates/rescues/_request_and_response.erb (0.8ms)
  Rendered /Users/nari/.rbenv/versions/2.0.0-p247/lib/ruby/gems/2.0.0/gems/actionpack-4.0.4/lib/action_dispatch/middleware/templates/rescues/template_error.erb within rescues/layout (10.4ms)


Started GET "/" for 127.0.0.1 at 2014-11-01 22:24:23 +0900
Processing by TopController#index as HTML
  Rendered top/index.html.erb within layouts/review_site (0.0ms)
Completed 500 Internal Server Error in 5ms

ActionView::Template::Error (undefined method `each' for nil:NilClass):
    32:               <i class="icon-crown color-gray-light"></i>投稿ランキング
    33:             </h4>
    34:             <ul class="listview listview--condensed text-small">
    35:               <% @ranking.each.with_index(1) do |product, i| %>
    36:               <li data-cinema-id="346394">
    37:                 <a href="/products/<%= product.id %>">
    38:                   <div class="box">
  app/views/layouts/review_site.html.erb:35:in `_app_views_layouts_review_site_html_erb___1663226045166352281_70246318927340'


  Rendered /Users/nari/.rbenv/versions/2.0.0-p247/lib/ruby/gems/2.0.0/gems/actionpack-4.0.4/lib/action_dispatch/middleware/templates/rescues/_trace.erb (0.9ms)
  Rendered /Users/nari/.rbenv/versions/2.0.0-p247/lib/ruby/gems/2.0.0/gems/actionpack-4.0.4/lib/action_dispatch/middleware/templates/rescues/_request_and_response.erb (0.8ms)
  Rendered /Users/nari/.rbenv/versions/2.0.0-p247/lib/ruby/gems/2.0.0/gems/actionpack-4.0.4/lib/action_dispatch/middleware/templates/rescues/template_error.erb within rescues/layout (9.2ms)


Started GET "/" for 127.0.0.1 at 2014-11-01 22:25:09 +0900
Processing by TopController#index as HTML
  Rendered top/index.html.erb within layouts/review_site (0.1ms)
Completed 200 OK in 5ms (Views: 4.4ms | ActiveRecord: 0.0ms)


Started GET "/assets/application.css?body=1" for 127.0.0.1 at 2014-11-01 22:25:09 +0900


Started GET "/assets/jquery.js?body=1" for 127.0.0.1 at 2014-11-01 22:25:09 +0900


Started GET "/assets/turbolinks.js?body=1" for 127.0.0.1 at 2014-11-01 22:25:09 +0900


Started GET "/assets/review_site.css?body=1" for 127.0.0.1 at 2014-11-01 22:25:09 +0900


Started GET "/assets/top.css?body=1" for 127.0.0.1 at 2014-11-01 22:25:09 +0900


Started GET "/assets/jquery_ujs.js?body=1" for 127.0.0.1 at 2014-11-01 22:25:09 +0900


Started GET "/assets/works.css?body=1" for 127.0.0.1 at 2014-11-01 22:25:09 +0900


Started GET "/assets/top.js?body=1" for 127.0.0.1 at 2014-11-01 22:25:09 +0900


Started GET "/assets/works.js?body=1" for 127.0.0.1 at 2014-11-01 22:25:09 +0900


Started GET "/assets/application.js?body=1" for 127.0.0.1 at 2014-11-01 22:25:09 +0900


Started GET "/assets/bambi-1.0.0.ttf?20140712" for 127.0.0.1 at 2014-11-01 22:25:09 +0900


Started GET "/" for 127.0.0.1 at 2014-11-01 22:31:49 +0900
Processing by TopController#index as HTML
  Rendered top/index.html.erb within layouts/review_site (0.1ms)
Completed 200 OK in 6ms (Views: 4.4ms | ActiveRecord: 0.0ms)


Started GET "/assets/application.css?body=1" for 127.0.0.1 at 2014-11-01 22:31:49 +0900


Started GET "/assets/jquery_ujs.js?body=1" for 127.0.0.1 at 2014-11-01 22:31:49 +0900


Started GET "/assets/works.css?body=1" for 127.0.0.1 at 2014-11-01 22:31:49 +0900


Started GET "/assets/review_site.css?body=1" for 127.0.0.1 at 2014-11-01 22:31:49 +0900


Started GET "/assets/jquery.js?body=1" for 127.0.0.1 at 2014-11-01 22:31:49 +0900


Started GET "/assets/top.css?body=1" for 127.0.0.1 at 2014-11-01 22:31:49 +0900


Started GET "/assets/turbolinks.js?body=1" for 127.0.0.1 at 2014-11-01 22:31:49 +0900


Started GET "/assets/top.js?body=1" for 127.0.0.1 at 2014-11-01 22:31:49 +0900


Started GET "/assets/works.js?body=1" for 127.0.0.1 at 2014-11-01 22:31:49 +0900


Started GET "/assets/application.js?body=1" for 127.0.0.1 at 2014-11-01 22:31:49 +0900


Started GET "/assets/bambi-1.0.0.ttf?20140712" for 127.0.0.1 at 2014-11-01 22:31:49 +0900


Started GET "/" for 127.0.0.1 at 2014-11-01 22:31:50 +0900
Processing by TopController#index as HTML
  Rendered top/index.html.erb within layouts/review_site (0.1ms)
Completed 200 OK in 6ms (Views: 5.5ms | ActiveRecord: 0.0ms)


Started GET "/assets/application.css?body=1" for 127.0.0.1 at 2014-11-01 22:31:50 +0900


Started GET "/assets/review_site.css?body=1" for 127.0.0.1 at 2014-11-01 22:31:50 +0900


Started GET "/assets/top.css?body=1" for 127.0.0.1 at 2014-11-01 22:31:50 +0900


Started GET "/assets/jquery.js?body=1" for 127.0.0.1 at 2014-11-01 22:31:50 +0900


Started GET "/assets/works.css?body=1" for 127.0.0.1 at 2014-11-01 22:31:50 +0900


Started GET "/assets/jquery_ujs.js?body=1" for 127.0.0.1 at 2014-11-01 22:31:50 +0900


Started GET "/assets/turbolinks.js?body=1" for 127.0.0.1 at 2014-11-01 22:31:50 +0900


Started GET "/assets/top.js?body=1" for 127.0.0.1 at 2014-11-01 22:31:50 +0900


Started GET "/assets/works.js?body=1" for 127.0.0.1 at 2014-11-01 22:31:50 +0900


Started GET "/assets/application.js?body=1" for 127.0.0.1 at 2014-11-01 22:31:50 +0900


Started GET "/assets/bambi-1.0.0.ttf?20140712" for 127.0.0.1 at 2014-11-01 22:31:50 +0900


Started GET "/" for 127.0.0.1 at 2014-11-01 22:31:51 +0900
Processing by TopController#index as HTML
  Rendered top/index.html.erb within layouts/review_site (0.4ms)
Completed 200 OK in 4ms (Views: 3.8ms | ActiveRecord: 0.0ms)


Started GET "/search" for 127.0.0.1 at 2014-11-01 22:31:52 +0900
Processing by TopController#search as HTML
  Rendered top/search.html.erb within layouts/review_site (1.1ms)
Completed 200 OK in 5ms (Views: 4.8ms | ActiveRecord: 0.0ms)


Started GET "/search?utf8=%E2%9C%93&keyword=%E3%81%82" for 127.0.0.1 at 2014-11-01 22:31:55 +0900
Processing by TopController#search as HTML
  Parameters: {"utf8"=>"✓", "keyword"=>"あ"}
  Rendered top/search.html.erb within layouts/review_site (1.4ms)
Completed 200 OK in 6ms (Views: 5.6ms | ActiveRecord: 0.0ms)


Started GET "/assets/application.css?body=1" for 127.0.0.1 at 2014-11-01 22:31:55 +0900


Started GET "/assets/jquery_ujs.js?body=1" for 127.0.0.1 at 2014-11-01 22:31:55 +0900


Started GET "/assets/top.css?body=1" for 127.0.0.1 at 2014-11-01 22:31:55 +0900


Started GET "/assets/jquery.js?body=1" for 127.0.0.1 at 2014-11-01 22:31:55 +0900


Started GET "/assets/review_site.css?body=1" for 127.0.0.1 at 2014-11-01 22:31:55 +0900


Started GET "/assets/works.css?body=1" for 127.0.0.1 at 2014-11-01 22:31:55 +0900


Started GET "/assets/turbolinks.js?body=1" for 127.0.0.1 at 2014-11-01 22:31:55 +0900


Started GET "/assets/top.js?body=1" for 127.0.0.1 at 2014-11-01 22:31:55 +0900


Started GET "/assets/works.js?body=1" for 127.0.0.1 at 2014-11-01 22:31:55 +0900


Started GET "/assets/application.js?body=1" for 127.0.0.1 at 2014-11-01 22:31:55 +0900


Started GET "/assets/bambi-1.0.0.ttf?20140712" for 127.0.0.1 at 2014-11-01 22:31:55 +0900


Started GET "/" for 127.0.0.1 at 2014-11-01 22:31:57 +0900
Processing by TopController#index as HTML
  Rendered top/index.html.erb within layouts/review_site (0.1ms)
Completed 200 OK in 5ms (Views: 4.6ms | ActiveRecord: 0.0ms)


Started GET "/" for 127.0.0.1 at 2014-11-01 22:31:58 +0900
Processing by TopController#index as HTML
  Rendered top/index.html.erb within layouts/review_site (0.1ms)
Completed 200 OK in 5ms (Views: 4.4ms | ActiveRecord: 0.0ms)


Started GET "/" for 127.0.0.1 at 2014-11-01 22:31:58 +0900
Processing by TopController#index as HTML
  Rendered top/index.html.erb within layouts/review_site (0.0ms)
Completed 200 OK in 4ms (Views: 3.3ms | ActiveRecord: 0.0ms)


Started GET "/" for 127.0.0.1 at 2014-11-01 22:31:58 +0900
Processing by TopController#index as HTML
  Rendered top/index.html.erb within layouts/review_site (0.0ms)
Completed 200 OK in 4ms (Views: 3.1ms | ActiveRecord: 0.0ms)


Started GET "/" for 127.0.0.1 at 2014-11-01 22:31:58 +0900
Processing by TopController#index as HTML
  Rendered top/index.html.erb within layouts/review_site (0.0ms)
Completed 200 OK in 4ms (Views: 3.5ms | ActiveRecord: 0.0ms)


Started GET "/" for 127.0.0.1 at 2014-11-01 22:31:58 +0900
Processing by TopController#index as HTML
  Rendered top/index.html.erb within layouts/review_site (0.0ms)
Completed 200 OK in 4ms (Views: 3.6ms | ActiveRecord: 0.0ms)


Started GET "/search" for 127.0.0.1 at 2014-11-01 22:32:01 +0900
Processing by TopController#search as HTML
  Rendered top/search.html.erb within layouts/review_site (0.3ms)
Completed 200 OK in 4ms (Views: 3.5ms | ActiveRecord: 0.0ms)


Started GET "/search" for 127.0.0.1 at 2014-11-01 22:32:01 +0900
Processing by TopController#search as HTML
  Rendered top/search.html.erb within layouts/review_site (0.4ms)
Completed 200 OK in 5ms (Views: 4.2ms | ActiveRecord: 0.0ms)


Started GET "/search" for 127.0.0.1 at 2014-11-01 22:32:01 +0900
Processing by TopController#search as HTML
  Rendered top/search.html.erb within layouts/review_site (0.3ms)
Completed 200 OK in 4ms (Views: 3.5ms | ActiveRecord: 0.0ms)


Started GET "/search" for 127.0.0.1 at 2014-11-01 22:32:01 +0900
Processing by TopController#search as HTML
  Rendered top/search.html.erb within layouts/review_site (0.4ms)
Completed 200 OK in 5ms (Views: 4.2ms | ActiveRecord: 0.0ms)


Started GET "/search" for 127.0.0.1 at 2014-11-01 22:32:01 +0900
Processing by TopController#search as HTML
  Rendered top/search.html.erb within layouts/review_site (0.4ms)
Completed 200 OK in 5ms (Views: 4.1ms | ActiveRecord: 0.0ms)


Started GET "/" for 127.0.0.1 at 2014-11-01 22:32:03 +0900
Processing by TopController#index as HTML
  Rendered top/index.html.erb within layouts/review_site (0.0ms)
Completed 200 OK in 4ms (Views: 3.4ms | ActiveRecord: 0.0ms)


Started GET "/" for 127.0.0.1 at 2014-11-01 22:32:03 +0900
Processing by TopController#index as HTML
  Rendered top/index.html.erb within layouts/review_site (0.0ms)
Completed 200 OK in 4ms (Views: 3.4ms | ActiveRecord: 0.0ms)


Started GET "/" for 127.0.0.1 at 2014-11-01 22:32:03 +0900
Processing by TopController#index as HTML
  Rendered top/index.html.erb within layouts/review_site (0.0ms)
Completed 200 OK in 4ms (Views: 3.7ms | ActiveRecord: 0.0ms)


Started GET "/" for 127.0.0.1 at 2014-11-01 22:32:03 +0900
Processing by TopController#index as HTML
  Rendered top/index.html.erb within layouts/review_site (0.0ms)
Completed 200 OK in 4ms (Views: 3.2ms | ActiveRecord: 0.0ms)


Started GET "/" for ::1 at 2017-03-28 07:26:18 +0900
Processing by ProductsController#index as HTML
  Rendered products/index.html.erb within layouts/review_site (1.6ms)
Completed 200 OK in 2373ms (Views: 2364.8ms | ActiveRecord: 0.0ms)


Started GET "/assets/application.css?body=1" for ::1 at 2017-03-28 07:26:21 +0900


Started GET "/assets/ranking.css?body=1" for ::1 at 2017-03-28 07:26:21 +0900


Started GET "/assets/reviews.css?body=1" for ::1 at 2017-03-28 07:26:21 +0900


Started GET "/assets/review_site.css?body=1" for ::1 at 2017-03-28 07:26:21 +0900


Started GET "/assets/jquery.js?body=1" for ::1 at 2017-03-28 07:26:21 +0900


Started GET "/assets/jquery_ujs.js?body=1" for ::1 at 2017-03-28 07:26:21 +0900


Started GET "/assets/turbolinks.js?body=1" for ::1 at 2017-03-28 07:26:21 +0900


Started GET "/assets/ranking.js?body=1" for ::1 at 2017-03-28 07:26:21 +0900


Started GET "/assets/reviews.js?body=1" for ::1 at 2017-03-28 07:26:21 +0900


Started GET "/assets/application.js?body=1" for ::1 at 2017-03-28 07:26:21 +0900


Started GET "/assets/bambi-1.0.0.ttf?20140712" for ::1 at 2017-03-28 07:26:21 +0900


Started GET "/" for ::1 at 2017-03-28 17:14:07 +0900
Processing by ProductsController#index as HTML
  Rendered products/index.html.erb within layouts/review_site (1.8ms)
Completed 200 OK in 85ms (Views: 76.1ms | ActiveRecord: 0.0ms)


Started GET "/assets/application.css?body=1" for ::1 at 2017-03-28 17:14:08 +0900


Started GET "/assets/review_site.css?body=1" for ::1 at 2017-03-28 17:14:08 +0900


Started GET "/assets/ranking.css?body=1" for ::1 at 2017-03-28 17:14:08 +0900


Started GET "/assets/jquery_ujs.js?body=1" for ::1 at 2017-03-28 17:14:08 +0900


Started GET "/assets/reviews.css?body=1" for ::1 at 2017-03-28 17:14:08 +0900


Started GET "/assets/jquery.js?body=1" for ::1 at 2017-03-28 17:14:08 +0900


Started GET "/assets/turbolinks.js?body=1" for ::1 at 2017-03-28 17:14:08 +0900


Started GET "/assets/ranking.js?body=1" for ::1 at 2017-03-28 17:14:08 +0900


Started GET "/assets/reviews.js?body=1" for ::1 at 2017-03-28 17:14:08 +0900


Started GET "/assets/application.js?body=1" for ::1 at 2017-03-28 17:14:08 +0900


Started GET "/assets/bambi-1.0.0.ttf?20140712" for ::1 at 2017-03-28 17:14:08 +0900
  [1m[36m (80.1ms)[0m  [1mCREATE TABLE `schema_migrations` (`version` varchar(255) NOT NULL) ENGINE=InnoDB[0m
  [1m[35m (30.6ms)[0m  CREATE UNIQUE INDEX `unique_schema_migrations`  ON `schema_migrations` (`version`) 
  [1m[36mActiveRecord::SchemaMigration Load (0.7ms)[0m  [1mSELECT `schema_migrations`.* FROM `schema_migrations`[0m
Migrating to CreateProducts (20170328134915)
  [1m[35m (39.4ms)[0m  CREATE TABLE `products` (`id` int(11) auto_increment PRIMARY KEY, `title` varchar(255), `image_url` text, `created_at` datetime NOT NULL, `updated_at` datetime NOT NULL) ENGINE=InnoDB
  [1m[36m (0.4ms)[0m  [1mBEGIN[0m
  [1m[35mSQL (23.1ms)[0m  INSERT INTO `schema_migrations` (`version`) VALUES ('20170328134915')
  [1m[36m (0.6ms)[0m  [1mCOMMIT[0m
  [1m[35mActiveRecord::SchemaMigration Load (0.2ms)[0m  SELECT `schema_migrations`.* FROM `schema_migrations`
  [1m[36m (2.6ms)[0m  [1mSELECT fk.referenced_table_name as 'to_table'
      ,fk.referenced_column_name as 'primary_key'
      ,fk.column_name as 'column'
      ,fk.constraint_name as 'name'
FROM information_schema.key_column_usage fk
WHERE fk.referenced_column_name is not null
  AND fk.table_schema = 'mooovi_development'
  AND fk.table_name = 'products'
[0m
  [1m[35m (0.2ms)[0m  SHOW CREATE TABLE `products`


Started GET "/" for ::1 at 2017-04-01 08:02:11 +0900
  [1m[36mActiveRecord::SchemaMigration Load (9.7ms)[0m  [1mSELECT `schema_migrations`.* FROM `schema_migrations`[0m

LoadError (Unable to autoload constant ProductsController, expected /Users/kawaikatsuharu/projects/For_Study_Rails/mooovi/app/controllers/products_controller.rb to define it):
  activesupport (4.2.5) lib/active_support/dependencies.rb:495:in `load_missing_constant'
  activesupport (4.2.5) lib/active_support/dependencies.rb:184:in `const_missing'
  activesupport (4.2.5) lib/active_support/inflector/methods.rb:261:in `const_get'
  activesupport (4.2.5) lib/active_support/inflector/methods.rb:261:in `block in constantize'
  activesupport (4.2.5) lib/active_support/inflector/methods.rb:259:in `each'
  activesupport (4.2.5) lib/active_support/inflector/methods.rb:259:in `inject'
  activesupport (4.2.5) lib/active_support/inflector/methods.rb:259:in `constantize'
  activesupport (4.2.5) lib/active_support/dependencies.rb:566:in `get'
  activesupport (4.2.5) lib/active_support/dependencies.rb:597:in `constantize'
  actionpack (4.2.5) lib/action_dispatch/routing/route_set.rb:72:in `controller_reference'
  actionpack (4.2.5) lib/action_dispatch/routing/route_set.rb:62:in `controller'
  actionpack (4.2.5) lib/action_dispatch/routing/route_set.rb:41:in `serve'
  actionpack (4.2.5) lib/action_dispatch/journey/router.rb:43:in `block in serve'
  actionpack (4.2.5) lib/action_dispatch/journey/router.rb:30:in `each'
  actionpack (4.2.5) lib/action_dispatch/journey/router.rb:30:in `serve'
  actionpack (4.2.5) lib/action_dispatch/routing/route_set.rb:817:in `call'
  rack (1.6.5) lib/rack/etag.rb:24:in `call'
  rack (1.6.5) lib/rack/conditionalget.rb:25:in `call'
  rack (1.6.5) lib/rack/head.rb:13:in `call'
  actionpack (4.2.5) lib/action_dispatch/middleware/params_parser.rb:27:in `call'
  actionpack (4.2.5) lib/action_dispatch/middleware/flash.rb:260:in `call'
  rack (1.6.5) lib/rack/session/abstract/id.rb:225:in `context'
  rack (1.6.5) lib/rack/session/abstract/id.rb:220:in `call'
  actionpack (4.2.5) lib/action_dispatch/middleware/cookies.rb:560:in `call'
  activerecord (4.2.5) lib/active_record/query_cache.rb:36:in `call'
  activerecord (4.2.5) lib/active_record/connection_adapters/abstract/connection_pool.rb:653:in `call'
  activerecord (4.2.5) lib/active_record/migration.rb:377:in `call'
  actionpack (4.2.5) lib/action_dispatch/middleware/callbacks.rb:29:in `block in call'
  activesupport (4.2.5) lib/active_support/callbacks.rb:88:in `__run_callbacks__'
  activesupport (4.2.5) lib/active_support/callbacks.rb:778:in `_run_call_callbacks'
  activesupport (4.2.5) lib/active_support/callbacks.rb:81:in `run_callbacks'
  actionpack (4.2.5) lib/action_dispatch/middleware/callbacks.rb:27:in `call'
  actionpack (4.2.5) lib/action_dispatch/middleware/reloader.rb:73:in `call'
  actionpack (4.2.5) lib/action_dispatch/middleware/remote_ip.rb:78:in `call'
  actionpack (4.2.5) lib/action_dispatch/middleware/debug_exceptions.rb:17:in `call'
  actionpack (4.2.5) lib/action_dispatch/middleware/show_exceptions.rb:30:in `call'
  railties (4.2.5) lib/rails/rack/logger.rb:38:in `call_app'
  railties (4.2.5) lib/rails/rack/logger.rb:20:in `block in call'
  activesupport (4.2.5) lib/active_support/tagged_logging.rb:68:in `block in tagged'
  activesupport (4.2.5) lib/active_support/tagged_logging.rb:26:in `tagged'
  activesupport (4.2.5) lib/active_support/tagged_logging.rb:68:in `tagged'
  railties (4.2.5) lib/rails/rack/logger.rb:20:in `call'
  actionpack (4.2.5) lib/action_dispatch/middleware/request_id.rb:21:in `call'
  rack (1.6.5) lib/rack/methodoverride.rb:22:in `call'
  rack (1.6.5) lib/rack/runtime.rb:18:in `call'
  activesupport (4.2.5) lib/active_support/cache/strategy/local_cache_middleware.rb:28:in `call'
  rack (1.6.5) lib/rack/lock.rb:17:in `call'
  actionpack (4.2.5) lib/action_dispatch/middleware/static.rb:116:in `call'
  rack (1.6.5) lib/rack/sendfile.rb:113:in `call'
  railties (4.2.5) lib/rails/engine.rb:518:in `call'
  railties (4.2.5) lib/rails/application.rb:165:in `call'
  rack (1.6.5) lib/rack/lock.rb:17:in `call'
  rack (1.6.5) lib/rack/content_length.rb:15:in `call'
  rack (1.6.5) lib/rack/handler/webrick.rb:88:in `service'
  /Users/kawaikatsuharu/.rbenv/versions/2.3.1/lib/ruby/2.3.0/webrick/httpserver.rb:140:in `service'
  /Users/kawaikatsuharu/.rbenv/versions/2.3.1/lib/ruby/2.3.0/webrick/httpserver.rb:96:in `run'
  /Users/kawaikatsuharu/.rbenv/versions/2.3.1/lib/ruby/2.3.0/webrick/server.rb:296:in `block in start_thread'


  Rendered /Users/kawaikatsuharu/.rbenv/versions/2.3.1/lib/ruby/gems/2.3.0/gems/actionpack-4.2.5/lib/action_dispatch/middleware/templates/rescues/_source.erb (3.2ms)
  Rendered /Users/kawaikatsuharu/.rbenv/versions/2.3.1/lib/ruby/gems/2.3.0/gems/actionpack-4.2.5/lib/action_dispatch/middleware/templates/rescues/_trace.html.erb (1.8ms)
  Rendered /Users/kawaikatsuharu/.rbenv/versions/2.3.1/lib/ruby/gems/2.3.0/gems/actionpack-4.2.5/lib/action_dispatch/middleware/templates/rescues/_request_and_response.html.erb (10.8ms)
  Rendered /Users/kawaikatsuharu/.rbenv/versions/2.3.1/lib/ruby/gems/2.3.0/gems/actionpack-4.2.5/lib/action_dispatch/middleware/templates/rescues/diagnostics.html.erb within rescues/layout (75.8ms)


Started GET "/" for ::1 at 2017-04-01 08:07:35 +0900

LoadError (Unable to autoload constant ProductsController, expected /Users/kawaikatsuharu/projects/For_Study_Rails/mooovi/app/controllers/products_controller.rb to define it):
  activesupport (4.2.5) lib/active_support/dependencies.rb:495:in `load_missing_constant'
  activesupport (4.2.5) lib/active_support/dependencies.rb:184:in `const_missing'
  activesupport (4.2.5) lib/active_support/inflector/methods.rb:261:in `const_get'
  activesupport (4.2.5) lib/active_support/inflector/methods.rb:261:in `block in constantize'
  activesupport (4.2.5) lib/active_support/inflector/methods.rb:259:in `each'
  activesupport (4.2.5) lib/active_support/inflector/methods.rb:259:in `inject'
  activesupport (4.2.5) lib/active_support/inflector/methods.rb:259:in `constantize'
  activesupport (4.2.5) lib/active_support/dependencies.rb:566:in `get'
  activesupport (4.2.5) lib/active_support/dependencies.rb:597:in `constantize'
  actionpack (4.2.5) lib/action_dispatch/routing/route_set.rb:72:in `controller_reference'
  actionpack (4.2.5) lib/action_dispatch/routing/route_set.rb:62:in `controller'
  actionpack (4.2.5) lib/action_dispatch/routing/route_set.rb:41:in `serve'
  actionpack (4.2.5) lib/action_dispatch/journey/router.rb:43:in `block in serve'
  actionpack (4.2.5) lib/action_dispatch/journey/router.rb:30:in `each'
  actionpack (4.2.5) lib/action_dispatch/journey/router.rb:30:in `serve'
  actionpack (4.2.5) lib/action_dispatch/routing/route_set.rb:817:in `call'
  rack (1.6.5) lib/rack/etag.rb:24:in `call'
  rack (1.6.5) lib/rack/conditionalget.rb:25:in `call'
  rack (1.6.5) lib/rack/head.rb:13:in `call'
  actionpack (4.2.5) lib/action_dispatch/middleware/params_parser.rb:27:in `call'
  actionpack (4.2.5) lib/action_dispatch/middleware/flash.rb:260:in `call'
  rack (1.6.5) lib/rack/session/abstract/id.rb:225:in `context'
  rack (1.6.5) lib/rack/session/abstract/id.rb:220:in `call'
  actionpack (4.2.5) lib/action_dispatch/middleware/cookies.rb:560:in `call'
  activerecord (4.2.5) lib/active_record/query_cache.rb:36:in `call'
  activerecord (4.2.5) lib/active_record/connection_adapters/abstract/connection_pool.rb:653:in `call'
  activerecord (4.2.5) lib/active_record/migration.rb:377:in `call'
  actionpack (4.2.5) lib/action_dispatch/middleware/callbacks.rb:29:in `block in call'
  activesupport (4.2.5) lib/active_support/callbacks.rb:88:in `__run_callbacks__'
  activesupport (4.2.5) lib/active_support/callbacks.rb:778:in `_run_call_callbacks'
  activesupport (4.2.5) lib/active_support/callbacks.rb:81:in `run_callbacks'
  actionpack (4.2.5) lib/action_dispatch/middleware/callbacks.rb:27:in `call'
  actionpack (4.2.5) lib/action_dispatch/middleware/reloader.rb:73:in `call'
  actionpack (4.2.5) lib/action_dispatch/middleware/remote_ip.rb:78:in `call'
  actionpack (4.2.5) lib/action_dispatch/middleware/debug_exceptions.rb:17:in `call'
  actionpack (4.2.5) lib/action_dispatch/middleware/show_exceptions.rb:30:in `call'
  railties (4.2.5) lib/rails/rack/logger.rb:38:in `call_app'
  railties (4.2.5) lib/rails/rack/logger.rb:20:in `block in call'
  activesupport (4.2.5) lib/active_support/tagged_logging.rb:68:in `block in tagged'
  activesupport (4.2.5) lib/active_support/tagged_logging.rb:26:in `tagged'
  activesupport (4.2.5) lib/active_support/tagged_logging.rb:68:in `tagged'
  railties (4.2.5) lib/rails/rack/logger.rb:20:in `call'
  actionpack (4.2.5) lib/action_dispatch/middleware/request_id.rb:21:in `call'
  rack (1.6.5) lib/rack/methodoverride.rb:22:in `call'
  rack (1.6.5) lib/rack/runtime.rb:18:in `call'
  activesupport (4.2.5) lib/active_support/cache/strategy/local_cache_middleware.rb:28:in `call'
  rack (1.6.5) lib/rack/lock.rb:17:in `call'
  actionpack (4.2.5) lib/action_dispatch/middleware/static.rb:116:in `call'
  rack (1.6.5) lib/rack/sendfile.rb:113:in `call'
  railties (4.2.5) lib/rails/engine.rb:518:in `call'
  railties (4.2.5) lib/rails/application.rb:165:in `call'
  rack (1.6.5) lib/rack/lock.rb:17:in `call'
  rack (1.6.5) lib/rack/content_length.rb:15:in `call'
  rack (1.6.5) lib/rack/handler/webrick.rb:88:in `service'
  /Users/kawaikatsuharu/.rbenv/versions/2.3.1/lib/ruby/2.3.0/webrick/httpserver.rb:140:in `service'
  /Users/kawaikatsuharu/.rbenv/versions/2.3.1/lib/ruby/2.3.0/webrick/httpserver.rb:96:in `run'
  /Users/kawaikatsuharu/.rbenv/versions/2.3.1/lib/ruby/2.3.0/webrick/server.rb:296:in `block in start_thread'


  Rendered /Users/kawaikatsuharu/.rbenv/versions/2.3.1/lib/ruby/gems/2.3.0/gems/actionpack-4.2.5/lib/action_dispatch/middleware/templates/rescues/_source.erb (3.2ms)
  Rendered /Users/kawaikatsuharu/.rbenv/versions/2.3.1/lib/ruby/gems/2.3.0/gems/actionpack-4.2.5/lib/action_dispatch/middleware/templates/rescues/_trace.html.erb (1.7ms)
  Rendered /Users/kawaikatsuharu/.rbenv/versions/2.3.1/lib/ruby/gems/2.3.0/gems/actionpack-4.2.5/lib/action_dispatch/middleware/templates/rescues/_request_and_response.html.erb (1.3ms)
  Rendered /Users/kawaikatsuharu/.rbenv/versions/2.3.1/lib/ruby/gems/2.3.0/gems/actionpack-4.2.5/lib/action_dispatch/middleware/templates/rescues/diagnostics.html.erb within rescues/layout (60.5ms)
  [1m[36mActiveRecord::SchemaMigration Load (0.1ms)[0m  [1mSELECT `schema_migrations`.* FROM `schema_migrations`[0m
  [1m[35mActiveRecord::SchemaMigration Load (0.1ms)[0m  SELECT `schema_migrations`.* FROM `schema_migrations`
Migrating to CreateProducts (20170328134915)
  [1m[36m (36.1ms)[0m  [1mDROP TABLE `products`[0m
  [1m[35mSQL (28.1ms)[0m  DELETE FROM `schema_migrations` WHERE `schema_migrations`.`version` = '20170328134915'
  [1m[36mActiveRecord::SchemaMigration Load (0.2ms)[0m  [1mSELECT `schema_migrations`.* FROM `schema_migrations`[0m
  [1m[36mActiveRecord::SchemaMigration Load (0.4ms)[0m  [1mSELECT `schema_migrations`.* FROM `schema_migrations`[0m
  [1m[36mActiveRecord::SchemaMigration Load (0.2ms)[0m  [1mSELECT `schema_migrations`.* FROM `schema_migrations`[0m
  [1m[36mActiveRecord::SchemaMigration Load (0.2ms)[0m  [1mSELECT `schema_migrations`.* FROM `schema_migrations`[0m
Migrating to CreateProducts (20170328134915)
DEPRECATION WARNING: `#timestamps` was called without specifying an option for `null`. In Rails 5, this behavior will change to `null: false`. You should manually specify `null: true` to prevent the behavior of your existing migrations from changing. (called from block in change at /Users/kawaikatsuharu/projects/For_Study_Rails/mooovi/db/migrate/20170328134915_create_products.rb:6)
  [1m[35m (46.1ms)[0m  CREATE TABLE `products` (`id` int(11) auto_increment PRIMARY KEY, `title` varchar(255), `image_url` text, `created_at` datetime, `updated_at` datetime) ENGINE=InnoDB
  [1m[36m (0.1ms)[0m  [1mBEGIN[0m
  [1m[35mSQL (12.5ms)[0m  INSERT INTO `schema_migrations` (`version`) VALUES ('20170328134915')
  [1m[36m (11.1ms)[0m  [1mCOMMIT[0m
  [1m[35mActiveRecord::SchemaMigration Load (0.2ms)[0m  SELECT `schema_migrations`.* FROM `schema_migrations`
  [1m[36m (1.4ms)[0m  [1mSELECT fk.referenced_table_name as 'to_table'
      ,fk.referenced_column_name as 'primary_key'
      ,fk.column_name as 'column'
      ,fk.constraint_name as 'name'
FROM information_schema.key_column_usage fk
WHERE fk.referenced_column_name is not null
  AND fk.table_schema = 'mooovi_development'
  AND fk.table_name = 'products'
[0m
  [1m[35m (0.2ms)[0m  SHOW CREATE TABLE `products`
  [1m[36mActiveRecord::SchemaMigration Load (0.5ms)[0m  [1mSELECT `schema_migrations`.* FROM `schema_migrations`[0m
  [1m[35mActiveRecord::SchemaMigration Load (0.1ms)[0m  SELECT `schema_migrations`.* FROM `schema_migrations`
Migrating to CreateProducts (20170328134915)
  [1m[36m (28.6ms)[0m  [1mDROP TABLE `products`[0m
  [1m[35mSQL (6.8ms)[0m  DELETE FROM `schema_migrations` WHERE `schema_migrations`.`version` = '20170328134915'
  [1m[36mActiveRecord::SchemaMigration Load (0.2ms)[0m  [1mSELECT `schema_migrations`.* FROM `schema_migrations`[0m
  [1m[36mActiveRecord::SchemaMigration Load (0.1ms)[0m  [1mSELECT `schema_migrations`.* FROM `schema_migrations`[0m
  [1m[36mActiveRecord::SchemaMigration Load (0.1ms)[0m  [1mSELECT `schema_migrations`.* FROM `schema_migrations`[0m
  [1m[36mActiveRecord::SchemaMigration Load (0.2ms)[0m  [1mSELECT `schema_migrations`.* FROM `schema_migrations`[0m
Migrating to CreateProducts (20170328134915)
DEPRECATION WARNING: `#timestamps` was called without specifying an option for `null`. In Rails 5, this behavior will change to `null: false`. You should manually specify `null: true` to prevent the behavior of your existing migrations from changing. (called from block in change at /Users/kawaikatsuharu/projects/For_Study_Rails/mooovi/db/migrate/20170328134915_create_products.rb:6)
  [1m[35m (13.6ms)[0m  CREATE TABLE `products` (`id` int(11) auto_increment PRIMARY KEY, `title` varchar(255), `image_url` text, `created_at` datetime, `updated_at` datetime) ENGINE=InnoDB
  [1m[36m (0.1ms)[0m  [1mBEGIN[0m
  [1m[35mSQL (0.2ms)[0m  INSERT INTO `schema_migrations` (`version`) VALUES ('20170328134915')
  [1m[36m (11.4ms)[0m  [1mCOMMIT[0m
  [1m[35mActiveRecord::SchemaMigration Load (0.1ms)[0m  SELECT `schema_migrations`.* FROM `schema_migrations`
  [1m[36m (0.3ms)[0m  [1mSELECT fk.referenced_table_name as 'to_table'
      ,fk.referenced_column_name as 'primary_key'
      ,fk.column_name as 'column'
      ,fk.constraint_name as 'name'
FROM information_schema.key_column_usage fk
WHERE fk.referenced_column_name is not null
  AND fk.table_schema = 'mooovi_development'
  AND fk.table_name = 'products'
[0m
  [1m[35m (0.1ms)[0m  SHOW CREATE TABLE `products`
  [1m[36mActiveRecord::SchemaMigration Load (0.2ms)[0m  [1mSELECT `schema_migrations`.* FROM `schema_migrations`[0m
  [1m[36m (0.1ms)[0m  [1mBEGIN[0m
  [1m[35mSQL (10.7ms)[0m  INSERT INTO `products` (`title`, `image_url`, `created_at`, `updated_at`) VALUES ('オオカミ少女と黒王子', 'http://image.eiga.k-img.com/images/movie/82939/poster2/200.jpg?1456105504', '2017-04-01 08:05:57', '2017-04-01 08:05:57')
  [1m[36m (12.6ms)[0m  [1mCOMMIT[0m
  [1m[35m (0.2ms)[0m  BEGIN
  [1m[36mSQL (5.9ms)[0m  [1mINSERT INTO `products` (`title`, `image_url`, `created_at`, `updated_at`) VALUES ('ヒメアノ～ル', 'http://image.eiga.k-img.com/images/movie/82031/200x133.jpg?1458617968', '2017-04-01 08:05:57', '2017-04-01 08:05:57')[0m
  [1m[35m (0.4ms)[0m  COMMIT
  [1m[36m (0.1ms)[0m  [1mBEGIN[0m
  [1m[35mSQL (0.2ms)[0m  INSERT INTO `products` (`title`, `image_url`, `created_at`, `updated_at`) VALUES ('エンド・オブ・キングダム', 'http://image.eiga.k-img.com/images/movie/84396/poster2/200.jpg?1456105395', '2017-04-01 08:05:58', '2017-04-01 08:05:58')
  [1m[36m (5.4ms)[0m  [1mCOMMIT[0m
  [1m[35m (0.1ms)[0m  BEGIN
  [1m[36mSQL (6.0ms)[0m  [1mINSERT INTO `products` (`title`, `image_url`, `created_at`, `updated_at`) VALUES ('素敵なサプライズ　ブリュッセルの奇妙な代理店', 'http://image.eiga.k-img.com/images/movie/83818/poster2/200.jpg?1452581497', '2017-04-01 08:05:58', '2017-04-01 08:05:58')[0m
  [1m[35m (0.4ms)[0m  COMMIT
  [1m[36m (0.1ms)[0m  [1mBEGIN[0m
  [1m[35mSQL (0.2ms)[0m  INSERT INTO `products` (`title`, `image_url`, `created_at`, `updated_at`) VALUES ('手をつないでかえろうよ　シャングリラの向こうで', 'http://image.eiga.k-img.com/images/movie/83316/photo/704e52e243018fe7/320.jpg?1460515565', '2017-04-01 08:05:58', '2017-04-01 08:05:58')
  [1m[36m (5.3ms)[0m  [1mCOMMIT[0m
  [1m[35m (0.1ms)[0m  BEGIN
  [1m[36mSQL (0.2ms)[0m  [1mINSERT INTO `products` (`title`, `image_url`, `created_at`, `updated_at`) VALUES ('復活', 'http://image.eiga.k-img.com/images/movie/84404/photo/b1ea2006aea01769/320.jpg?1462845161', '2017-04-01 08:05:59', '2017-04-01 08:05:59')[0m
  [1m[35m (5.3ms)[0m  COMMIT
  [1m[36m (0.1ms)[0m  [1mBEGIN[0m
  [1m[35mSQL (6.0ms)[0m  INSERT INTO `products` (`title`, `image_url`, `created_at`, `updated_at`) VALUES ('あのひと', 'http://image.eiga.k-img.com/images/movie/82788/photo/e8e36657b9a98933/320.jpg?1460950312', '2017-04-01 08:05:59', '2017-04-01 08:05:59')
  [1m[36m (0.4ms)[0m  [1mCOMMIT[0m
  [1m[35m (0.1ms)[0m  BEGIN
  [1m[36mSQL (0.2ms)[0m  [1mINSERT INTO `products` (`title`, `image_url`, `created_at`, `updated_at`) VALUES ('或る終焉', 'http://image.eiga.k-img.com/images/movie/83700/poster2/200.jpg?1456993166', '2017-04-01 08:05:59', '2017-04-01 08:05:59')[0m
  [1m[35m (5.5ms)[0m  COMMIT
  [1m[36m (0.1ms)[0m  [1mBEGIN[0m
  [1m[35mSQL (0.2ms)[0m  INSERT INTO `products` (`title`, `image_url`, `created_at`, `updated_at`) VALUES ('CONFLICT 最大の抗争', 'http://image.eiga.k-img.com/images/movie/83914/photo/ef49227bafc3396f/320.jpg?1462161535', '2017-04-01 08:05:59', '2017-04-01 08:05:59')
  [1m[36m (5.3ms)[0m  [1mCOMMIT[0m
  [1m[35m (0.1ms)[0m  BEGIN
  [1m[36mSQL (0.3ms)[0m  [1mINSERT INTO `products` (`title`, `image_url`, `created_at`, `updated_at`) VALUES ('燐寸少女　マッチショウジョ', 'http://image.eiga.k-img.com/images/movie/84204/photo/c71da94191642fcc/320.jpg?1461206311', '2017-04-01 08:06:00', '2017-04-01 08:06:00')[0m
  [1m[35m (5.5ms)[0m  COMMIT
  [1m[36m (0.1ms)[0m  [1mBEGIN[0m
  [1m[35mSQL (5.8ms)[0m  INSERT INTO `products` (`title`, `image_url`, `created_at`, `updated_at`) VALUES ('エルヴィス、我が心の歌', 'http://image.eiga.k-img.com/images/movie/84452/poster2/200.jpg?1456978768', '2017-04-01 08:06:00', '2017-04-01 08:06:00')
  [1m[36m (0.6ms)[0m  [1mCOMMIT[0m
  [1m[35m (0.1ms)[0m  BEGIN
  [1m[36mSQL (0.2ms)[0m  [1mINSERT INTO `products` (`title`, `image_url`, `created_at`, `updated_at`) VALUES ('女ヒエラルキー底辺少女', 'http://image.eiga.k-img.com/images/movie/84904/photo/242d864dadbc8856/320.jpg?1462879638', '2017-04-01 08:06:00', '2017-04-01 08:06:00')[0m
  [1m[35m (5.3ms)[0m  COMMIT
  [1m[36m (0.1ms)[0m  [1mBEGIN[0m
  [1m[35mSQL (0.2ms)[0m  INSERT INTO `products` (`title`, `image_url`, `created_at`, `updated_at`) VALUES ('リリカルスクールの未知との遭遇', 'http://image.eiga.k-img.com/images/movie/84165/photo/941cd4573c4e2310/320.jpg?1458876636', '2017-04-01 08:06:00', '2017-04-01 08:06:00')
  [1m[36m (5.3ms)[0m  [1mCOMMIT[0m
  [1m[35m (0.1ms)[0m  BEGIN
  [1m[36mSQL (0.2ms)[0m  [1mINSERT INTO `products` (`title`, `image_url`, `created_at`, `updated_at`) VALUES ('若葉のころ', 'http://image.eiga.k-img.com/images/movie/84418/poster2/200.jpg?1456916251', '2017-04-01 08:06:01', '2017-04-01 08:06:01')[0m
  [1m[35m (5.3ms)[0m  COMMIT
  [1m[36m (0.1ms)[0m  [1mBEGIN[0m
  [1m[35mSQL (0.2ms)[0m  INSERT INTO `products` (`title`, `image_url`, `created_at`, `updated_at`) VALUES ('スノーホワイト　氷の王国', 'http://image.eiga.k-img.com/images/movie/83708/photo/3306840c771af07d/320.jpg?1458877882', '2017-04-01 08:06:01', '2017-04-01 08:06:01')
  [1m[36m (5.4ms)[0m  [1mCOMMIT[0m
  [1m[35m (0.1ms)[0m  BEGIN
  [1m[36mSQL (0.2ms)[0m  [1mINSERT INTO `products` (`title`, `image_url`, `created_at`, `updated_at`) VALUES ('神様メール', 'http://image.eiga.k-img.com/images/movie/83805/poster2/200.jpg?1458803848', '2017-04-01 08:06:01', '2017-04-01 08:06:01')[0m
  [1m[35m (5.7ms)[0m  COMMIT
  [1m[36m (0.1ms)[0m  [1mBEGIN[0m
  [1m[35mSQL (0.2ms)[0m  INSERT INTO `products` (`title`, `image_url`, `created_at`, `updated_at`) VALUES ('マイケル・ムーアの世界侵略のススメ', 'http://image.eiga.k-img.com/images/movie/84410/poster2/200.jpg?1458179953', '2017-04-01 08:06:02', '2017-04-01 08:06:02')
  [1m[36m (5.8ms)[0m  [1mCOMMIT[0m
  [1m[35m (0.1ms)[0m  BEGIN
  [1m[36mSQL (6.3ms)[0m  [1mINSERT INTO `products` (`title`, `image_url`, `created_at`, `updated_at`) VALUES ('海よりもまだ深く', 'http://image.eiga.k-img.com/images/movie/83901/poster2/200.jpg?1458007228', '2017-04-01 08:06:02', '2017-04-01 08:06:02')[0m
  [1m[35m (0.5ms)[0m  COMMIT
  [1m[36m (0.1ms)[0m  [1mBEGIN[0m
  [1m[35mSQL (0.2ms)[0m  INSERT INTO `products` (`title`, `image_url`, `created_at`, `updated_at`) VALUES ('ディストラクション・ベイビーズ', 'http://image.eiga.k-img.com/images/movie/82632/poster2/200.jpg?1457666272', '2017-04-01 08:06:02', '2017-04-01 08:06:02')
  [1m[36m (5.4ms)[0m  [1mCOMMIT[0m
  [1m[35m (0.1ms)[0m  BEGIN
  [1m[36mSQL (0.2ms)[0m  [1mINSERT INTO `products` (`title`, `image_url`, `created_at`, `updated_at`) VALUES ('少女椿', 'http://image.eiga.k-img.com/images/movie/84316/poster2/200.jpg?1455242124', '2017-04-01 08:06:02', '2017-04-01 08:06:02')[0m
  [1m[35m (5.3ms)[0m  COMMIT
  [1m[36m (0.1ms)[0m  [1mBEGIN[0m
  [1m[35mSQL (0.2ms)[0m  INSERT INTO `products` (`title`, `image_url`, `created_at`, `updated_at`) VALUES ('オオカミ少女と黒王子', 'http://image.eiga.k-img.com/images/movie/82939/poster2/200.jpg?1456105504', '2017-04-01 08:08:46', '2017-04-01 08:08:46')
  [1m[36m (0.8ms)[0m  [1mCOMMIT[0m
  [1m[35m (0.1ms)[0m  BEGIN
  [1m[36mSQL (7.1ms)[0m  [1mINSERT INTO `products` (`title`, `image_url`, `created_at`, `updated_at`) VALUES ('ヒメアノ～ル', 'http://image.eiga.k-img.com/images/movie/82031/200x133.jpg?1458617968', '2017-04-01 08:08:47', '2017-04-01 08:08:47')[0m
  [1m[35m (0.9ms)[0m  COMMIT
  [1m[36m (0.1ms)[0m  [1mBEGIN[0m
  [1m[35mSQL (0.2ms)[0m  INSERT INTO `products` (`title`, `image_url`, `created_at`, `updated_at`) VALUES ('エンド・オブ・キングダム', 'http://image.eiga.k-img.com/images/movie/84396/poster2/200.jpg?1456105395', '2017-04-01 08:08:47', '2017-04-01 08:08:47')
  [1m[36m (5.8ms)[0m  [1mCOMMIT[0m
  [1m[35m (0.1ms)[0m  BEGIN
  [1m[36mSQL (0.2ms)[0m  [1mINSERT INTO `products` (`title`, `image_url`, `created_at`, `updated_at`) VALUES ('素敵なサプライズ　ブリュッセルの奇妙な代理店', 'http://image.eiga.k-img.com/images/movie/83818/poster2/200.jpg?1452581497', '2017-04-01 08:08:47', '2017-04-01 08:08:47')[0m
  [1m[35m (5.4ms)[0m  COMMIT
  [1m[36m (0.1ms)[0m  [1mBEGIN[0m
  [1m[35mSQL (0.2ms)[0m  INSERT INTO `products` (`title`, `image_url`, `created_at`, `updated_at`) VALUES ('手をつないでかえろうよ　シャングリラの向こうで', 'http://image.eiga.k-img.com/images/movie/83316/photo/704e52e243018fe7/320.jpg?1460515565', '2017-04-01 08:08:48', '2017-04-01 08:08:48')
  [1m[36m (5.4ms)[0m  [1mCOMMIT[0m
  [1m[35m (0.1ms)[0m  BEGIN
  [1m[36mSQL (0.2ms)[0m  [1mINSERT INTO `products` (`title`, `image_url`, `created_at`, `updated_at`) VALUES ('復活', 'http://image.eiga.k-img.com/images/movie/84404/photo/b1ea2006aea01769/320.jpg?1462845161', '2017-04-01 08:08:48', '2017-04-01 08:08:48')[0m
  [1m[35m (5.6ms)[0m  COMMIT
  [1m[36m (0.1ms)[0m  [1mBEGIN[0m
  [1m[35mSQL (0.2ms)[0m  INSERT INTO `products` (`title`, `image_url`, `created_at`, `updated_at`) VALUES ('あのひと', 'http://image.eiga.k-img.com/images/movie/82788/photo/e8e36657b9a98933/320.jpg?1460950312', '2017-04-01 08:08:48', '2017-04-01 08:08:48')
  [1m[36m (5.3ms)[0m  [1mCOMMIT[0m
  [1m[35m (0.2ms)[0m  BEGIN
  [1m[36mSQL (0.2ms)[0m  [1mINSERT INTO `products` (`title`, `image_url`, `created_at`, `updated_at`) VALUES ('或る終焉', 'http://image.eiga.k-img.com/images/movie/83700/poster2/200.jpg?1456993166', '2017-04-01 08:08:48', '2017-04-01 08:08:48')[0m
  [1m[35m (5.4ms)[0m  COMMIT
  [1m[36m (0.1ms)[0m  [1mBEGIN[0m
  [1m[35mSQL (0.2ms)[0m  INSERT INTO `products` (`title`, `image_url`, `created_at`, `updated_at`) VALUES ('CONFLICT 最大の抗争', 'http://image.eiga.k-img.com/images/movie/83914/photo/ef49227bafc3396f/320.jpg?1462161535', '2017-04-01 08:08:49', '2017-04-01 08:08:49')
  [1m[36m (5.6ms)[0m  [1mCOMMIT[0m
  [1m[35m (0.1ms)[0m  BEGIN
  [1m[36mSQL (6.2ms)[0m  [1mINSERT INTO `products` (`title`, `image_url`, `created_at`, `updated_at`) VALUES ('燐寸少女　マッチショウジョ', 'http://image.eiga.k-img.com/images/movie/84204/photo/c71da94191642fcc/320.jpg?1461206311', '2017-04-01 08:08:49', '2017-04-01 08:08:49')[0m
  [1m[35m (0.6ms)[0m  COMMIT
  [1m[36m (0.1ms)[0m  [1mBEGIN[0m
  [1m[35mSQL (0.2ms)[0m  INSERT INTO `products` (`title`, `image_url`, `created_at`, `updated_at`) VALUES ('エルヴィス、我が心の歌', 'http://image.eiga.k-img.com/images/movie/84452/poster2/200.jpg?1456978768', '2017-04-01 08:08:49', '2017-04-01 08:08:49')
  [1m[36m (5.7ms)[0m  [1mCOMMIT[0m
  [1m[35m (0.1ms)[0m  BEGIN
  [1m[36mSQL (0.2ms)[0m  [1mINSERT INTO `products` (`title`, `image_url`, `created_at`, `updated_at`) VALUES ('女ヒエラルキー底辺少女', 'http://image.eiga.k-img.com/images/movie/84904/photo/242d864dadbc8856/320.jpg?1462879638', '2017-04-01 08:08:50', '2017-04-01 08:08:50')[0m
  [1m[35m (5.9ms)[0m  COMMIT
  [1m[36m (0.1ms)[0m  [1mBEGIN[0m
  [1m[35mSQL (0.2ms)[0m  INSERT INTO `products` (`title`, `image_url`, `created_at`, `updated_at`) VALUES ('リリカルスクールの未知との遭遇', 'http://image.eiga.k-img.com/images/movie/84165/photo/941cd4573c4e2310/320.jpg?1458876636', '2017-04-01 08:08:50', '2017-04-01 08:08:50')
  [1m[36m (6.0ms)[0m  [1mCOMMIT[0m
  [1m[35m (0.1ms)[0m  BEGIN
  [1m[36mSQL (0.8ms)[0m  [1mINSERT INTO `products` (`title`, `image_url`, `created_at`, `updated_at`) VALUES ('若葉のころ', 'http://image.eiga.k-img.com/images/movie/84418/poster2/200.jpg?1456916251', '2017-04-01 08:08:50', '2017-04-01 08:08:50')[0m
  [1m[35m (0.5ms)[0m  COMMIT
  [1m[36m (0.1ms)[0m  [1mBEGIN[0m
  [1m[35mSQL (0.2ms)[0m  INSERT INTO `products` (`title`, `image_url`, `created_at`, `updated_at`) VALUES ('スノーホワイト　氷の王国', 'http://image.eiga.k-img.com/images/movie/83708/photo/3306840c771af07d/320.jpg?1458877882', '2017-04-01 08:08:50', '2017-04-01 08:08:50')
  [1m[36m (5.5ms)[0m  [1mCOMMIT[0m
  [1m[35m (0.1ms)[0m  BEGIN
  [1m[36mSQL (0.2ms)[0m  [1mINSERT INTO `products` (`title`, `image_url`, `created_at`, `updated_at`) VALUES ('神様メール', 'http://image.eiga.k-img.com/images/movie/83805/poster2/200.jpg?1458803848', '2017-04-01 08:08:51', '2017-04-01 08:08:51')[0m
  [1m[35m (5.4ms)[0m  COMMIT
  [1m[36m (0.1ms)[0m  [1mBEGIN[0m
  [1m[35mSQL (0.2ms)[0m  INSERT INTO `products` (`title`, `image_url`, `created_at`, `updated_at`) VALUES ('マイケル・ムーアの世界侵略のススメ', 'http://image.eiga.k-img.com/images/movie/84410/poster2/200.jpg?1458179953', '2017-04-01 08:08:51', '2017-04-01 08:08:51')
  [1m[36m (5.4ms)[0m  [1mCOMMIT[0m
  [1m[35m (0.1ms)[0m  BEGIN
  [1m[36mSQL (0.2ms)[0m  [1mINSERT INTO `products` (`title`, `image_url`, `created_at`, `updated_at`) VALUES ('海よりもまだ深く', 'http://image.eiga.k-img.com/images/movie/83901/poster2/200.jpg?1458007228', '2017-04-01 08:08:51', '2017-04-01 08:08:51')[0m
  [1m[35m (5.3ms)[0m  COMMIT
  [1m[36m (0.1ms)[0m  [1mBEGIN[0m
  [1m[35mSQL (0.2ms)[0m  INSERT INTO `products` (`title`, `image_url`, `created_at`, `updated_at`) VALUES ('ディストラクション・ベイビーズ', 'http://image.eiga.k-img.com/images/movie/82632/poster2/200.jpg?1457666272', '2017-04-01 08:08:52', '2017-04-01 08:08:52')
  [1m[36m (5.3ms)[0m  [1mCOMMIT[0m
  [1m[35m (0.1ms)[0m  BEGIN
  [1m[36mSQL (0.2ms)[0m  [1mINSERT INTO `products` (`title`, `image_url`, `created_at`, `updated_at`) VALUES ('少女椿', 'http://image.eiga.k-img.com/images/movie/84316/poster2/200.jpg?1455242124', '2017-04-01 08:08:52', '2017-04-01 08:08:52')[0m
  [1m[35m (5.6ms)[0m  COMMIT
  [1m[36m (0.1ms)[0m  [1mBEGIN[0m
  [1m[35mSQL (0.2ms)[0m  INSERT INTO `products` (`title`, `image_url`, `created_at`, `updated_at`) VALUES ('オオカミ少女と黒王子', 'http://image.eiga.k-img.com/images/movie/82939/poster2/200.jpg?1456105504', '2017-04-01 08:09:17', '2017-04-01 08:09:17')
  [1m[36m (5.7ms)[0m  [1mCOMMIT[0m
  [1m[35m (0.1ms)[0m  BEGIN
  [1m[36mSQL (0.2ms)[0m  [1mINSERT INTO `products` (`title`, `image_url`, `created_at`, `updated_at`) VALUES ('ヒメアノ～ル', 'http://image.eiga.k-img.com/images/movie/82031/200x133.jpg?1458617968', '2017-04-01 08:09:17', '2017-04-01 08:09:17')[0m
  [1m[35m (5.7ms)[0m  COMMIT
  [1m[36m (0.1ms)[0m  [1mBEGIN[0m
  [1m[35mSQL (0.2ms)[0m  INSERT INTO `products` (`title`, `image_url`, `created_at`, `updated_at`) VALUES ('エンド・オブ・キングダム', 'http://image.eiga.k-img.com/images/movie/84396/poster2/200.jpg?1456105395', '2017-04-01 08:09:17', '2017-04-01 08:09:17')
  [1m[36m (5.3ms)[0m  [1mCOMMIT[0m
  [1m[35m (0.2ms)[0m  BEGIN
  [1m[36mSQL (0.3ms)[0m  [1mINSERT INTO `products` (`title`, `image_url`, `created_at`, `updated_at`) VALUES ('素敵なサプライズ　ブリュッセルの奇妙な代理店', 'http://image.eiga.k-img.com/images/movie/83818/poster2/200.jpg?1452581497', '2017-04-01 08:09:17', '2017-04-01 08:09:17')[0m
  [1m[35m (5.3ms)[0m  COMMIT
  [1m[36m (0.1ms)[0m  [1mBEGIN[0m
  [1m[35mSQL (0.2ms)[0m  INSERT INTO `products` (`title`, `image_url`, `created_at`, `updated_at`) VALUES ('手をつないでかえろうよ　シャングリラの向こうで', 'http://image.eiga.k-img.com/images/movie/83316/photo/704e52e243018fe7/320.jpg?1460515565', '2017-04-01 08:09:18', '2017-04-01 08:09:18')
  [1m[36m (5.7ms)[0m  [1mCOMMIT[0m
  [1m[35m (0.1ms)[0m  BEGIN
  [1m[36mSQL (0.2ms)[0m  [1mINSERT INTO `products` (`title`, `image_url`, `created_at`, `updated_at`) VALUES ('復活', 'http://image.eiga.k-img.com/images/movie/84404/photo/b1ea2006aea01769/320.jpg?1462845161', '2017-04-01 08:09:18', '2017-04-01 08:09:18')[0m
  [1m[35m (5.7ms)[0m  COMMIT
  [1m[36m (0.1ms)[0m  [1mBEGIN[0m
  [1m[35mSQL (0.2ms)[0m  INSERT INTO `products` (`title`, `image_url`, `created_at`, `updated_at`) VALUES ('あのひと', 'http://image.eiga.k-img.com/images/movie/82788/photo/e8e36657b9a98933/320.jpg?1460950312', '2017-04-01 08:09:18', '2017-04-01 08:09:18')
  [1m[36m (5.3ms)[0m  [1mCOMMIT[0m
  [1m[35m (0.1ms)[0m  BEGIN
  [1m[36mSQL (0.2ms)[0m  [1mINSERT INTO `products` (`title`, `image_url`, `created_at`, `updated_at`) VALUES ('或る終焉', 'http://image.eiga.k-img.com/images/movie/83700/poster2/200.jpg?1456993166', '2017-04-01 08:09:19', '2017-04-01 08:09:19')[0m
  [1m[35m (5.3ms)[0m  COMMIT
  [1m[36m (0.1ms)[0m  [1mBEGIN[0m
  [1m[35mSQL (0.2ms)[0m  INSERT INTO `products` (`title`, `image_url`, `created_at`, `updated_at`) VALUES ('CONFLICT 最大の抗争', 'http://image.eiga.k-img.com/images/movie/83914/photo/ef49227bafc3396f/320.jpg?1462161535', '2017-04-01 08:09:19', '2017-04-01 08:09:19')
  [1m[36m (5.4ms)[0m  [1mCOMMIT[0m
  [1m[35m (0.1ms)[0m  BEGIN
  [1m[36mSQL (0.2ms)[0m  [1mINSERT INTO `products` (`title`, `image_url`, `created_at`, `updated_at`) VALUES ('燐寸少女　マッチショウジョ', 'http://image.eiga.k-img.com/images/movie/84204/photo/c71da94191642fcc/320.jpg?1461206311', '2017-04-01 08:09:19', '2017-04-01 08:09:19')[0m
  [1m[35m (0.4ms)[0m  COMMIT
  [1m[36m (0.1ms)[0m  [1mBEGIN[0m
  [1m[35mSQL (0.2ms)[0m  INSERT INTO `products` (`title`, `image_url`, `created_at`, `updated_at`) VALUES ('エルヴィス、我が心の歌', 'http://image.eiga.k-img.com/images/movie/84452/poster2/200.jpg?1456978768', '2017-04-01 08:09:19', '2017-04-01 08:09:19')
  [1m[36m (5.5ms)[0m  [1mCOMMIT[0m
  [1m[35m (0.1ms)[0m  BEGIN
  [1m[36mSQL (0.2ms)[0m  [1mINSERT INTO `products` (`title`, `image_url`, `created_at`, `updated_at`) VALUES ('女ヒエラルキー底辺少女', 'http://image.eiga.k-img.com/images/movie/84904/photo/242d864dadbc8856/320.jpg?1462879638', '2017-04-01 08:09:20', '2017-04-01 08:09:20')[0m
  [1m[35m (6.1ms)[0m  COMMIT
  [1m[36m (0.2ms)[0m  [1mBEGIN[0m
  [1m[35mSQL (0.2ms)[0m  INSERT INTO `products` (`title`, `image_url`, `created_at`, `updated_at`) VALUES ('リリカルスクールの未知との遭遇', 'http://image.eiga.k-img.com/images/movie/84165/photo/941cd4573c4e2310/320.jpg?1458876636', '2017-04-01 08:09:20', '2017-04-01 08:09:20')
  [1m[36m (5.4ms)[0m  [1mCOMMIT[0m
  [1m[35m (0.2ms)[0m  BEGIN
  [1m[36mSQL (0.3ms)[0m  [1mINSERT INTO `products` (`title`, `image_url`, `created_at`, `updated_at`) VALUES ('若葉のころ', 'http://image.eiga.k-img.com/images/movie/84418/poster2/200.jpg?1456916251', '2017-04-01 08:09:20', '2017-04-01 08:09:20')[0m
  [1m[35m (5.4ms)[0m  COMMIT
  [1m[36m (0.1ms)[0m  [1mBEGIN[0m
  [1m[35mSQL (0.2ms)[0m  INSERT INTO `products` (`title`, `image_url`, `created_at`, `updated_at`) VALUES ('スノーホワイト　氷の王国', 'http://image.eiga.k-img.com/images/movie/83708/photo/3306840c771af07d/320.jpg?1458877882', '2017-04-01 08:09:20', '2017-04-01 08:09:20')
  [1m[36m (5.5ms)[0m  [1mCOMMIT[0m
  [1m[35m (0.2ms)[0m  BEGIN
  [1m[36mSQL (0.2ms)[0m  [1mINSERT INTO `products` (`title`, `image_url`, `created_at`, `updated_at`) VALUES ('神様メール', 'http://image.eiga.k-img.com/images/movie/83805/poster2/200.jpg?1458803848', '2017-04-01 08:09:21', '2017-04-01 08:09:21')[0m
  [1m[35m (5.4ms)[0m  COMMIT
  [1m[36m (0.1ms)[0m  [1mBEGIN[0m
  [1m[35mSQL (0.2ms)[0m  INSERT INTO `products` (`title`, `image_url`, `created_at`, `updated_at`) VALUES ('マイケル・ムーアの世界侵略のススメ', 'http://image.eiga.k-img.com/images/movie/84410/poster2/200.jpg?1458179953', '2017-04-01 08:09:21', '2017-04-01 08:09:21')
  [1m[36m (5.4ms)[0m  [1mCOMMIT[0m
  [1m[35m (0.2ms)[0m  BEGIN
  [1m[36mSQL (0.2ms)[0m  [1mINSERT INTO `products` (`title`, `image_url`, `created_at`, `updated_at`) VALUES ('海よりもまだ深く', 'http://image.eiga.k-img.com/images/movie/83901/poster2/200.jpg?1458007228', '2017-04-01 08:09:21', '2017-04-01 08:09:21')[0m
  [1m[35m (5.3ms)[0m  COMMIT
  [1m[36m (0.1ms)[0m  [1mBEGIN[0m
  [1m[35mSQL (0.2ms)[0m  INSERT INTO `products` (`title`, `image_url`, `created_at`, `updated_at`) VALUES ('ディストラクション・ベイビーズ', 'http://image.eiga.k-img.com/images/movie/82632/poster2/200.jpg?1457666272', '2017-04-01 08:09:22', '2017-04-01 08:09:22')
  [1m[36m (5.4ms)[0m  [1mCOMMIT[0m
  [1m[35m (0.2ms)[0m  BEGIN
  [1m[36mSQL (0.2ms)[0m  [1mINSERT INTO `products` (`title`, `image_url`, `created_at`, `updated_at`) VALUES ('少女椿', 'http://image.eiga.k-img.com/images/movie/84316/poster2/200.jpg?1455242124', '2017-04-01 08:09:22', '2017-04-01 08:09:22')[0m
  [1m[35m (2.0ms)[0m  COMMIT
  [1m[36m (0.1ms)[0m  [1mBEGIN[0m
  [1m[35mSQL (0.2ms)[0m  INSERT INTO `products` (`title`, `image_url`, `created_at`, `updated_at`) VALUES ('オオカミ少女と黒王子', 'http://image.eiga.k-img.com/images/movie/82939/poster2/200.jpg?1456105504', '2017-04-01 08:10:00', '2017-04-01 08:10:00')
  [1m[36m (6.1ms)[0m  [1mCOMMIT[0m
  [1m[35m (0.1ms)[0m  BEGIN
  [1m[36mSQL (0.2ms)[0m  [1mINSERT INTO `products` (`title`, `image_url`, `created_at`, `updated_at`) VALUES ('ヒメアノ～ル', 'http://image.eiga.k-img.com/images/movie/82031/200x133.jpg?1458617968', '2017-04-01 08:10:00', '2017-04-01 08:10:00')[0m
  [1m[35m (5.4ms)[0m  COMMIT
  [1m[36m (0.1ms)[0m  [1mBEGIN[0m
  [1m[35mSQL (0.2ms)[0m  INSERT INTO `products` (`title`, `image_url`, `created_at`, `updated_at`) VALUES ('エンド・オブ・キングダム', 'http://image.eiga.k-img.com/images/movie/84396/poster2/200.jpg?1456105395', '2017-04-01 08:10:01', '2017-04-01 08:10:01')
  [1m[36m (5.4ms)[0m  [1mCOMMIT[0m
  [1m[35m (0.1ms)[0m  BEGIN
  [1m[36mSQL (0.2ms)[0m  [1mINSERT INTO `products` (`title`, `image_url`, `created_at`, `updated_at`) VALUES ('素敵なサプライズ　ブリュッセルの奇妙な代理店', 'http://image.eiga.k-img.com/images/movie/83818/poster2/200.jpg?1452581497', '2017-04-01 08:10:01', '2017-04-01 08:10:01')[0m
  [1m[35m (5.5ms)[0m  COMMIT
  [1m[36m (0.1ms)[0m  [1mBEGIN[0m
  [1m[35mSQL (0.2ms)[0m  INSERT INTO `products` (`title`, `image_url`, `created_at`, `updated_at`) VALUES ('手をつないでかえろうよ　シャングリラの向こうで', 'http://image.eiga.k-img.com/images/movie/83316/photo/704e52e243018fe7/320.jpg?1460515565', '2017-04-01 08:10:01', '2017-04-01 08:10:01')
  [1m[36m (5.8ms)[0m  [1mCOMMIT[0m
  [1m[35m (0.1ms)[0m  BEGIN
  [1m[36mSQL (0.2ms)[0m  [1mINSERT INTO `products` (`title`, `image_url`, `created_at`, `updated_at`) VALUES ('復活', 'http://image.eiga.k-img.com/images/movie/84404/photo/b1ea2006aea01769/320.jpg?1462845161', '2017-04-01 08:10:02', '2017-04-01 08:10:02')[0m
  [1m[35m (5.6ms)[0m  COMMIT
  [1m[36m (0.1ms)[0m  [1mBEGIN[0m
  [1m[35mSQL (0.2ms)[0m  INSERT INTO `products` (`title`, `image_url`, `created_at`, `updated_at`) VALUES ('あのひと', 'http://image.eiga.k-img.com/images/movie/82788/photo/e8e36657b9a98933/320.jpg?1460950312', '2017-04-01 08:10:02', '2017-04-01 08:10:02')
  [1m[36m (5.6ms)[0m  [1mCOMMIT[0m
  [1m[35m (0.2ms)[0m  BEGIN
  [1m[36mSQL (0.2ms)[0m  [1mINSERT INTO `products` (`title`, `image_url`, `created_at`, `updated_at`) VALUES ('或る終焉', 'http://image.eiga.k-img.com/images/movie/83700/poster2/200.jpg?1456993166', '2017-04-01 08:10:02', '2017-04-01 08:10:02')[0m
  [1m[35m (5.3ms)[0m  COMMIT
  [1m[36m (0.1ms)[0m  [1mBEGIN[0m
  [1m[35mSQL (0.2ms)[0m  INSERT INTO `products` (`title`, `image_url`, `created_at`, `updated_at`) VALUES ('CONFLICT 最大の抗争', 'http://image.eiga.k-img.com/images/movie/83914/photo/ef49227bafc3396f/320.jpg?1462161535', '2017-04-01 08:10:02', '2017-04-01 08:10:02')
  [1m[36m (5.4ms)[0m  [1mCOMMIT[0m
  [1m[35m (0.1ms)[0m  BEGIN
  [1m[36mSQL (0.2ms)[0m  [1mINSERT INTO `products` (`title`, `image_url`, `created_at`, `updated_at`) VALUES ('燐寸少女　マッチショウジョ', 'http://image.eiga.k-img.com/images/movie/84204/photo/c71da94191642fcc/320.jpg?1461206311', '2017-04-01 08:10:03', '2017-04-01 08:10:03')[0m
  [1m[35m (5.5ms)[0m  COMMIT
  [1m[36m (0.2ms)[0m  [1mBEGIN[0m
  [1m[35mSQL (0.2ms)[0m  INSERT INTO `products` (`title`, `image_url`, `created_at`, `updated_at`) VALUES ('エルヴィス、我が心の歌', 'http://image.eiga.k-img.com/images/movie/84452/poster2/200.jpg?1456978768', '2017-04-01 08:10:03', '2017-04-01 08:10:03')
  [1m[36m (5.3ms)[0m  [1mCOMMIT[0m
  [1m[35m (0.1ms)[0m  BEGIN
  [1m[36mSQL (0.3ms)[0m  [1mINSERT INTO `products` (`title`, `image_url`, `created_at`, `updated_at`) VALUES ('女ヒエラルキー底辺少女', 'http://image.eiga.k-img.com/images/movie/84904/photo/242d864dadbc8856/320.jpg?1462879638', '2017-04-01 08:10:03', '2017-04-01 08:10:03')[0m
  [1m[35m (5.4ms)[0m  COMMIT
  [1m[36m (0.1ms)[0m  [1mBEGIN[0m
  [1m[35mSQL (0.2ms)[0m  INSERT INTO `products` (`title`, `image_url`, `created_at`, `updated_at`) VALUES ('リリカルスクールの未知との遭遇', 'http://image.eiga.k-img.com/images/movie/84165/photo/941cd4573c4e2310/320.jpg?1458876636', '2017-04-01 08:10:04', '2017-04-01 08:10:04')
  [1m[36m (5.4ms)[0m  [1mCOMMIT[0m
  [1m[35m (0.1ms)[0m  BEGIN
  [1m[36mSQL (6.1ms)[0m  [1mINSERT INTO `products` (`title`, `image_url`, `created_at`, `updated_at`) VALUES ('若葉のころ', 'http://image.eiga.k-img.com/images/movie/84418/poster2/200.jpg?1456916251', '2017-04-01 08:10:04', '2017-04-01 08:10:04')[0m
  [1m[35m (1.1ms)[0m  COMMIT
  [1m[36m (0.1ms)[0m  [1mBEGIN[0m
  [1m[35mSQL (0.2ms)[0m  INSERT INTO `products` (`title`, `image_url`, `created_at`, `updated_at`) VALUES ('スノーホワイト　氷の王国', 'http://image.eiga.k-img.com/images/movie/83708/photo/3306840c771af07d/320.jpg?1458877882', '2017-04-01 08:10:04', '2017-04-01 08:10:04')
  [1m[36m (5.6ms)[0m  [1mCOMMIT[0m
  [1m[35m (0.1ms)[0m  BEGIN
  [1m[36mSQL (0.2ms)[0m  [1mINSERT INTO `products` (`title`, `image_url`, `created_at`, `updated_at`) VALUES ('神様メール', 'http://image.eiga.k-img.com/images/movie/83805/poster2/200.jpg?1458803848', '2017-04-01 08:10:04', '2017-04-01 08:10:04')[0m
  [1m[35m (5.6ms)[0m  COMMIT
  [1m[36m (0.2ms)[0m  [1mBEGIN[0m
  [1m[35mSQL (0.2ms)[0m  INSERT INTO `products` (`title`, `image_url`, `created_at`, `updated_at`) VALUES ('マイケル・ムーアの世界侵略のススメ', 'http://image.eiga.k-img.com/images/movie/84410/poster2/200.jpg?1458179953', '2017-04-01 08:10:05', '2017-04-01 08:10:05')
  [1m[36m (5.6ms)[0m  [1mCOMMIT[0m
  [1m[35m (0.2ms)[0m  BEGIN
  [1m[36mSQL (0.2ms)[0m  [1mINSERT INTO `products` (`title`, `image_url`, `created_at`, `updated_at`) VALUES ('海よりもまだ深く', 'http://image.eiga.k-img.com/images/movie/83901/poster2/200.jpg?1458007228', '2017-04-01 08:10:05', '2017-04-01 08:10:05')[0m
  [1m[35m (5.6ms)[0m  COMMIT
  [1m[36m (0.1ms)[0m  [1mBEGIN[0m
  [1m[35mSQL (0.2ms)[0m  INSERT INTO `products` (`title`, `image_url`, `created_at`, `updated_at`) VALUES ('ディストラクション・ベイビーズ', 'http://image.eiga.k-img.com/images/movie/82632/poster2/200.jpg?1457666272', '2017-04-01 08:10:05', '2017-04-01 08:10:05')
  [1m[36m (5.3ms)[0m  [1mCOMMIT[0m
  [1m[35m (0.1ms)[0m  BEGIN
  [1m[36mSQL (0.2ms)[0m  [1mINSERT INTO `products` (`title`, `image_url`, `created_at`, `updated_at`) VALUES ('少女椿', 'http://image.eiga.k-img.com/images/movie/84316/poster2/200.jpg?1455242124', '2017-04-01 08:10:05', '2017-04-01 08:10:05')[0m
  [1m[35m (5.3ms)[0m  COMMIT
  [1m[36m (0.2ms)[0m  [1mBEGIN[0m
  [1m[35mSQL (27.6ms)[0m  INSERT INTO `products` (`title`, `image_url`, `created_at`, `updated_at`) VALUES ('オオカミ少女と黒王子', 'http://image.eiga.k-img.com/images/movie/82939/poster2/200.jpg?1456105504', '2017-04-11 02:42:15', '2017-04-11 02:42:15')
  [1m[36m (1.4ms)[0m  [1mCOMMIT[0m
  [1m[35m (0.1ms)[0m  BEGIN
  [1m[36mSQL (0.2ms)[0m  [1mINSERT INTO `products` (`title`, `image_url`, `created_at`, `updated_at`) VALUES ('ヒメアノ～ル', 'http://image.eiga.k-img.com/images/movie/82031/200x133.jpg?1458617968', '2017-04-11 02:42:15', '2017-04-11 02:42:15')[0m
  [1m[35m (5.7ms)[0m  COMMIT
  [1m[36m (0.1ms)[0m  [1mBEGIN[0m
  [1m[35mSQL (0.2ms)[0m  INSERT INTO `products` (`title`, `image_url`, `created_at`, `updated_at`) VALUES ('エンド・オブ・キングダム', 'http://image.eiga.k-img.com/images/movie/84396/poster2/200.jpg?1456105395', '2017-04-11 02:42:16', '2017-04-11 02:42:16')
  [1m[36m (5.5ms)[0m  [1mCOMMIT[0m
  [1m[35m (0.1ms)[0m  BEGIN
  [1m[36mSQL (0.2ms)[0m  [1mINSERT INTO `products` (`title`, `image_url`, `created_at`, `updated_at`) VALUES ('素敵なサプライズ　ブリュッセルの奇妙な代理店', 'http://image.eiga.k-img.com/images/movie/83818/poster2/200.jpg?1452581497', '2017-04-11 02:42:16', '2017-04-11 02:42:16')[0m
  [1m[35m (5.4ms)[0m  COMMIT
  [1m[36m (0.1ms)[0m  [1mBEGIN[0m
  [1m[35mSQL (0.2ms)[0m  INSERT INTO `products` (`title`, `image_url`, `created_at`, `updated_at`) VALUES ('手をつないでかえろうよ　シャングリラの向こうで', 'http://image.eiga.k-img.com/images/movie/83316/photo/704e52e243018fe7/320.jpg?1460515565', '2017-04-11 02:42:16', '2017-04-11 02:42:16')
  [1m[36m (5.6ms)[0m  [1mCOMMIT[0m
  [1m[35m (0.1ms)[0m  BEGIN
  [1m[36mSQL (0.2ms)[0m  [1mINSERT INTO `products` (`title`, `image_url`, `created_at`, `updated_at`) VALUES ('復活', 'http://image.eiga.k-img.com/images/movie/84404/photo/b1ea2006aea01769/320.jpg?1462845161', '2017-04-11 02:42:17', '2017-04-11 02:42:17')[0m
  [1m[35m (5.6ms)[0m  COMMIT
  [1m[36m (0.1ms)[0m  [1mBEGIN[0m
  [1m[35mSQL (0.2ms)[0m  INSERT INTO `products` (`title`, `image_url`, `created_at`, `updated_at`) VALUES ('あのひと', 'http://image.eiga.k-img.com/images/movie/82788/photo/e8e36657b9a98933/320.jpg?1460950312', '2017-04-11 02:42:17', '2017-04-11 02:42:17')
  [1m[36m (5.6ms)[0m  [1mCOMMIT[0m
  [1m[35m (0.1ms)[0m  BEGIN
  [1m[36mSQL (0.2ms)[0m  [1mINSERT INTO `products` (`title`, `image_url`, `created_at`, `updated_at`) VALUES ('或る終焉', 'http://image.eiga.k-img.com/images/movie/83700/poster2/200.jpg?1456993166', '2017-04-11 02:42:17', '2017-04-11 02:42:17')[0m
  [1m[35m (5.4ms)[0m  COMMIT
  [1m[36m (0.1ms)[0m  [1mBEGIN[0m
  [1m[35mSQL (0.2ms)[0m  INSERT INTO `products` (`title`, `image_url`, `created_at`, `updated_at`) VALUES ('CONFLICT 最大の抗争', 'http://image.eiga.k-img.com/images/movie/83914/photo/ef49227bafc3396f/320.jpg?1462161535', '2017-04-11 02:42:17', '2017-04-11 02:42:17')
  [1m[36m (5.7ms)[0m  [1mCOMMIT[0m
  [1m[35m (0.1ms)[0m  BEGIN
  [1m[36mSQL (0.2ms)[0m  [1mINSERT INTO `products` (`title`, `image_url`, `created_at`, `updated_at`) VALUES ('燐寸少女　マッチショウジョ', 'http://image.eiga.k-img.com/images/movie/84204/photo/c71da94191642fcc/320.jpg?1461206311', '2017-04-11 02:42:18', '2017-04-11 02:42:18')[0m
  [1m[35m (5.7ms)[0m  COMMIT
  [1m[36m (0.1ms)[0m  [1mBEGIN[0m
  [1m[35mSQL (0.2ms)[0m  INSERT INTO `products` (`title`, `image_url`, `created_at`, `updated_at`) VALUES ('エルヴィス、我が心の歌', 'http://image.eiga.k-img.com/images/movie/84452/poster2/200.jpg?1456978768', '2017-04-11 02:42:18', '2017-04-11 02:42:18')
  [1m[36m (5.6ms)[0m  [1mCOMMIT[0m
  [1m[35m (0.1ms)[0m  BEGIN
  [1m[36mSQL (0.2ms)[0m  [1mINSERT INTO `products` (`title`, `image_url`, `created_at`, `updated_at`) VALUES ('女ヒエラルキー底辺少女', 'http://image.eiga.k-img.com/images/movie/84904/photo/242d864dadbc8856/320.jpg?1462879638', '2017-04-11 02:42:18', '2017-04-11 02:42:18')[0m
  [1m[35m (5.7ms)[0m  COMMIT
  [1m[36m (0.1ms)[0m  [1mBEGIN[0m
  [1m[35mSQL (0.2ms)[0m  INSERT INTO `products` (`title`, `image_url`, `created_at`, `updated_at`) VALUES ('リリカルスクールの未知との遭遇', 'http://image.eiga.k-img.com/images/movie/84165/photo/941cd4573c4e2310/320.jpg?1458876636', '2017-04-11 02:42:19', '2017-04-11 02:42:19')
  [1m[36m (5.5ms)[0m  [1mCOMMIT[0m
  [1m[35m (0.1ms)[0m  BEGIN
  [1m[36mSQL (0.2ms)[0m  [1mINSERT INTO `products` (`title`, `image_url`, `created_at`, `updated_at`) VALUES ('若葉のころ', 'http://image.eiga.k-img.com/images/movie/84418/poster2/200.jpg?1456916251', '2017-04-11 02:42:19', '2017-04-11 02:42:19')[0m
  [1m[35m (6.0ms)[0m  COMMIT
  [1m[36m (0.1ms)[0m  [1mBEGIN[0m
  [1m[35mSQL (0.2ms)[0m  INSERT INTO `products` (`title`, `image_url`, `created_at`, `updated_at`) VALUES ('スノーホワイト　氷の王国', 'http://image.eiga.k-img.com/images/movie/83708/photo/3306840c771af07d/320.jpg?1458877882', '2017-04-11 02:42:19', '2017-04-11 02:42:19')
  [1m[36m (5.4ms)[0m  [1mCOMMIT[0m
  [1m[35m (0.1ms)[0m  BEGIN
  [1m[36mSQL (0.2ms)[0m  [1mINSERT INTO `products` (`title`, `image_url`, `created_at`, `updated_at`) VALUES ('神様メール', 'http://image.eiga.k-img.com/images/movie/83805/poster2/200.jpg?1458803848', '2017-04-11 02:42:19', '2017-04-11 02:42:19')[0m
  [1m[35m (5.6ms)[0m  COMMIT
  [1m[36m (0.2ms)[0m  [1mBEGIN[0m
  [1m[35mSQL (0.2ms)[0m  INSERT INTO `products` (`title`, `image_url`, `created_at`, `updated_at`) VALUES ('マイケル・ムーアの世界侵略のススメ', 'http://image.eiga.k-img.com/images/movie/84410/poster2/200.jpg?1458179953', '2017-04-11 02:42:20', '2017-04-11 02:42:20')
  [1m[36m (5.8ms)[0m  [1mCOMMIT[0m
  [1m[35m (0.1ms)[0m  BEGIN
  [1m[36mSQL (6.2ms)[0m  [1mINSERT INTO `products` (`title`, `image_url`, `created_at`, `updated_at`) VALUES ('海よりもまだ深く', 'http://image.eiga.k-img.com/images/movie/83901/poster2/200.jpg?1458007228', '2017-04-11 02:42:20', '2017-04-11 02:42:20')[0m
  [1m[35m (0.5ms)[0m  COMMIT
  [1m[36m (0.1ms)[0m  [1mBEGIN[0m
  [1m[35mSQL (0.2ms)[0m  INSERT INTO `products` (`title`, `image_url`, `created_at`, `updated_at`) VALUES ('ディストラクション・ベイビーズ', 'http://image.eiga.k-img.com/images/movie/82632/poster2/200.jpg?1457666272', '2017-04-11 02:42:20', '2017-04-11 02:42:20')
  [1m[36m (5.7ms)[0m  [1mCOMMIT[0m
  [1m[35m (0.1ms)[0m  BEGIN
  [1m[36mSQL (0.2ms)[0m  [1mINSERT INTO `products` (`title`, `image_url`, `created_at`, `updated_at`) VALUES ('少女椿', 'http://image.eiga.k-img.com/images/movie/84316/poster2/200.jpg?1455242124', '2017-04-11 02:42:20', '2017-04-11 02:42:20')[0m
  [1m[35m (5.6ms)[0m  COMMIT
  [1m[36m (0.1ms)[0m  [1mBEGIN[0m
  [1m[35mSQL (0.2ms)[0m  INSERT INTO `products` (`title`, `image_url`, `created_at`, `updated_at`) VALUES ('オオカミ少女と黒王子', 'http://image.eiga.k-img.com/images/movie/82939/poster2/200.jpg?1456105504', '2017-04-11 02:45:20', '2017-04-11 02:45:20')
  [1m[36m (5.5ms)[0m  [1mCOMMIT[0m
  [1m[35m (0.1ms)[0m  BEGIN
  [1m[36mSQL (6.1ms)[0m  [1mINSERT INTO `products` (`title`, `image_url`, `created_at`, `updated_at`) VALUES ('ヒメアノ～ル', 'http://image.eiga.k-img.com/images/movie/82031/200x133.jpg?1458617968', '2017-04-11 02:45:20', '2017-04-11 02:45:20')[0m
  [1m[35m (0.6ms)[0m  COMMIT
  [1m[36m (0.1ms)[0m  [1mBEGIN[0m
  [1m[35mSQL (0.2ms)[0m  INSERT INTO `products` (`title`, `image_url`, `created_at`, `updated_at`) VALUES ('エンド・オブ・キングダム', 'http://image.eiga.k-img.com/images/movie/84396/poster2/200.jpg?1456105395', '2017-04-11 02:45:20', '2017-04-11 02:45:20')
  [1m[36m (5.4ms)[0m  [1mCOMMIT[0m
  [1m[35m (0.1ms)[0m  BEGIN
  [1m[36mSQL (0.2ms)[0m  [1mINSERT INTO `products` (`title`, `image_url`, `created_at`, `updated_at`) VALUES ('素敵なサプライズ　ブリュッセルの奇妙な代理店', 'http://image.eiga.k-img.com/images/movie/83818/poster2/200.jpg?1452581497', '2017-04-11 02:45:21', '2017-04-11 02:45:21')[0m
  [1m[35m (5.7ms)[0m  COMMIT
  [1m[36m (0.1ms)[0m  [1mBEGIN[0m
  [1m[35mSQL (0.2ms)[0m  INSERT INTO `products` (`title`, `image_url`, `created_at`, `updated_at`) VALUES ('手をつないでかえろうよ　シャングリラの向こうで', 'http://image.eiga.k-img.com/images/movie/83316/photo/704e52e243018fe7/320.jpg?1460515565', '2017-04-11 02:45:21', '2017-04-11 02:45:21')
  [1m[36m (5.6ms)[0m  [1mCOMMIT[0m
  [1m[35m (0.1ms)[0m  BEGIN
  [1m[36mSQL (0.2ms)[0m  [1mINSERT INTO `products` (`title`, `image_url`, `created_at`, `updated_at`) VALUES ('復活', 'http://image.eiga.k-img.com/images/movie/84404/photo/b1ea2006aea01769/320.jpg?1462845161', '2017-04-11 02:45:21', '2017-04-11 02:45:21')[0m
  [1m[35m (5.6ms)[0m  COMMIT
  [1m[36m (0.1ms)[0m  [1mBEGIN[0m
  [1m[35mSQL (0.2ms)[0m  INSERT INTO `products` (`title`, `image_url`, `created_at`, `updated_at`) VALUES ('あのひと', 'http://image.eiga.k-img.com/images/movie/82788/photo/e8e36657b9a98933/320.jpg?1460950312', '2017-04-11 02:45:21', '2017-04-11 02:45:21')
  [1m[36m (5.5ms)[0m  [1mCOMMIT[0m
  [1m[35m (0.1ms)[0m  BEGIN
  [1m[36mSQL (0.2ms)[0m  [1mINSERT INTO `products` (`title`, `image_url`, `created_at`, `updated_at`) VALUES ('或る終焉', 'http://image.eiga.k-img.com/images/movie/83700/poster2/200.jpg?1456993166', '2017-04-11 02:45:22', '2017-04-11 02:45:22')[0m
  [1m[35m (5.6ms)[0m  COMMIT
  [1m[36m (0.2ms)[0m  [1mBEGIN[0m
  [1m[35mSQL (0.2ms)[0m  INSERT INTO `products` (`title`, `image_url`, `created_at`, `updated_at`) VALUES ('CONFLICT 最大の抗争', 'http://image.eiga.k-img.com/images/movie/83914/photo/ef49227bafc3396f/320.jpg?1462161535', '2017-04-11 02:45:22', '2017-04-11 02:45:22')
  [1m[36m (5.5ms)[0m  [1mCOMMIT[0m
  [1m[35m (0.1ms)[0m  BEGIN
  [1m[36mSQL (0.2ms)[0m  [1mINSERT INTO `products` (`title`, `image_url`, `created_at`, `updated_at`) VALUES ('燐寸少女　マッチショウジョ', 'http://image.eiga.k-img.com/images/movie/84204/photo/c71da94191642fcc/320.jpg?1461206311', '2017-04-11 02:45:22', '2017-04-11 02:45:22')[0m
  [1m[35m (5.4ms)[0m  COMMIT
  [1m[36m (0.1ms)[0m  [1mBEGIN[0m
  [1m[35mSQL (5.9ms)[0m  INSERT INTO `products` (`title`, `image_url`, `created_at`, `updated_at`) VALUES ('エルヴィス、我が心の歌', 'http://image.eiga.k-img.com/images/movie/84452/poster2/200.jpg?1456978768', '2017-04-11 02:45:22', '2017-04-11 02:45:22')
  [1m[36m (0.5ms)[0m  [1mCOMMIT[0m
  [1m[35m (0.1ms)[0m  BEGIN
  [1m[36mSQL (0.2ms)[0m  [1mINSERT INTO `products` (`title`, `image_url`, `created_at`, `updated_at`) VALUES ('女ヒエラルキー底辺少女', 'http://image.eiga.k-img.com/images/movie/84904/photo/242d864dadbc8856/320.jpg?1462879638', '2017-04-11 02:45:23', '2017-04-11 02:45:23')[0m
  [1m[35m (5.4ms)[0m  COMMIT
  [1m[36m (0.1ms)[0m  [1mBEGIN[0m
  [1m[35mSQL (0.2ms)[0m  INSERT INTO `products` (`title`, `image_url`, `created_at`, `updated_at`) VALUES ('リリカルスクールの未知との遭遇', 'http://image.eiga.k-img.com/images/movie/84165/photo/941cd4573c4e2310/320.jpg?1458876636', '2017-04-11 02:45:23', '2017-04-11 02:45:23')
  [1m[36m (5.5ms)[0m  [1mCOMMIT[0m
  [1m[35m (0.1ms)[0m  BEGIN
  [1m[36mSQL (0.2ms)[0m  [1mINSERT INTO `products` (`title`, `image_url`, `created_at`, `updated_at`) VALUES ('若葉のころ', 'http://image.eiga.k-img.com/images/movie/84418/poster2/200.jpg?1456916251', '2017-04-11 02:45:23', '2017-04-11 02:45:23')[0m
  [1m[35m (5.4ms)[0m  COMMIT
  [1m[36m (0.2ms)[0m  [1mBEGIN[0m
  [1m[35mSQL (0.2ms)[0m  INSERT INTO `products` (`title`, `image_url`, `created_at`, `updated_at`) VALUES ('スノーホワイト　氷の王国', 'http://image.eiga.k-img.com/images/movie/83708/photo/3306840c771af07d/320.jpg?1458877882', '2017-04-11 02:45:24', '2017-04-11 02:45:24')
  [1m[36m (5.7ms)[0m  [1mCOMMIT[0m
  [1m[35m (0.1ms)[0m  BEGIN
  [1m[36mSQL (0.2ms)[0m  [1mINSERT INTO `products` (`title`, `image_url`, `created_at`, `updated_at`) VALUES ('神様メール', 'http://image.eiga.k-img.com/images/movie/83805/poster2/200.jpg?1458803848', '2017-04-11 02:45:24', '2017-04-11 02:45:24')[0m
  [1m[35m (5.4ms)[0m  COMMIT
  [1m[36m (0.2ms)[0m  [1mBEGIN[0m
  [1m[35mSQL (6.1ms)[0m  INSERT INTO `products` (`title`, `image_url`, `created_at`, `updated_at`) VALUES ('マイケル・ムーアの世界侵略のススメ', 'http://image.eiga.k-img.com/images/movie/84410/poster2/200.jpg?1458179953', '2017-04-11 02:45:24', '2017-04-11 02:45:24')
  [1m[36m (0.5ms)[0m  [1mCOMMIT[0m
  [1m[35m (0.1ms)[0m  BEGIN
  [1m[36mSQL (0.2ms)[0m  [1mINSERT INTO `products` (`title`, `image_url`, `created_at`, `updated_at`) VALUES ('海よりもまだ深く', 'http://image.eiga.k-img.com/images/movie/83901/poster2/200.jpg?1458007228', '2017-04-11 02:45:24', '2017-04-11 02:45:24')[0m
  [1m[35m (5.3ms)[0m  COMMIT
  [1m[36m (0.1ms)[0m  [1mBEGIN[0m
  [1m[35mSQL (0.2ms)[0m  INSERT INTO `products` (`title`, `image_url`, `created_at`, `updated_at`) VALUES ('ディストラクション・ベイビーズ', 'http://image.eiga.k-img.com/images/movie/82632/poster2/200.jpg?1457666272', '2017-04-11 02:45:25', '2017-04-11 02:45:25')
  [1m[36m (5.4ms)[0m  [1mCOMMIT[0m
  [1m[35m (0.1ms)[0m  BEGIN
  [1m[36mSQL (0.2ms)[0m  [1mINSERT INTO `products` (`title`, `image_url`, `created_at`, `updated_at`) VALUES ('少女椿', 'http://image.eiga.k-img.com/images/movie/84316/poster2/200.jpg?1455242124', '2017-04-11 02:45:25', '2017-04-11 02:45:25')[0m
  [1m[35m (5.3ms)[0m  COMMIT
